<?xml version="1.0" encoding="UTF-8"?>
<robot generator="Robot 7.0 (Python 3.10.0 on win32)" generated="2024-02-28T11:51:59.584713" rpa="false" schemaversion="5">
<suite id="s1" name="Logcat" source="C:\Users\cpopescu\GitHub\CatalinGP\Internship\Robotframework\logcat.robot">
<test id="s1-t1" name="Analyze Lifespan of Android Applications" line="13">
<kw name="Parse Logcat File">
<kw name="Create List" owner="BuiltIn">
<msg time="2024-02-28T11:51:59.632717" level="INFO">${parsed_data} = []</msg>
<var>${parsed_data}</var>
<doc>Returns a list containing given items.</doc>
<status status="PASS" start="2024-02-28T11:51:59.632717" elapsed="0.001102"/>
</kw>
<kw name="Get File" owner="OperatingSystem">
<msg time="2024-02-28T11:51:59.633835" level="INFO" html="true">Getting file '&lt;a href="file://C:\Users\cpopescu\GitHub\CatalinGP\Internship\Robotframework\logcat_applications.txt"&gt;C:\Users\cpopescu\GitHub\CatalinGP\Internship\Robotframework\logcat_applications.txt&lt;/a&gt;'.</msg>
<msg time="2024-02-28T11:51:59.639415" level="INFO">${file_contents} = --------- beginning of main
03-14 17:55:47.856  5535  5619 I System.out: Broadcasting: Intent { act=com.samsung.intent.action.BIG_DATA_INFO (has extras) }
03-14 17:55:47.857  4830 17522 E power   : IS...</msg>
<var>${file_contents}</var>
<arg>${file_path}</arg>
<doc>Returns the contents of a specified file.</doc>
<status status="PASS" start="2024-02-28T11:51:59.633835" elapsed="0.005580"/>
</kw>
<kw name="Get Lines Matching Regexp" owner="String">
<msg time="2024-02-28T11:51:59.648318" level="INFO">12 out of 9656 lines matched.</msg>
<msg time="2024-02-28T11:51:59.649436" level="INFO">${relevant_lines} = 03-14 17:56:07.504  5230  7316 I ActivityTaskManager: START u0 {act=android.intent.action.MAIN cat=[android.intent.category.LAUNCHER] flg=0x10200000 cmp=com.sec.android.app.camera/.Camera bnds=[529,13...</msg>
<var>${relevant_lines}</var>
<arg>${file_contents}</arg>
<arg>.*ActivityTaskManager: START u0.*|.*Layer: Destroyed ActivityRecord.*</arg>
<doc>Returns lines of the given ``string`` that match the regexp ``pattern``.</doc>
<status status="PASS" start="2024-02-28T11:51:59.639415" elapsed="0.010021"/>
</kw>
<kw name="Split To Lines" owner="String">
<msg time="2024-02-28T11:51:59.649436" level="INFO">12 lines returned</msg>
<msg time="2024-02-28T11:51:59.649436" level="INFO">${lines} = ['03-14 17:56:07.504  5230  7316 I ActivityTaskManager: START u0 {act=android.intent.action.MAIN cat=[android.intent.category.LAUNCHER] flg=0x10200000 cmp=com.sec.android.app.camera/.Camera bnds=[529,...</msg>
<var>${lines}</var>
<arg>${relevant_lines}</arg>
<doc>Splits the given string to lines.</doc>
<status status="PASS" start="2024-02-28T11:51:59.649436" elapsed="0.000000"/>
</kw>
<kw name="Create Dictionary" owner="BuiltIn">
<msg time="2024-02-28T11:51:59.650549" level="INFO">${app_states} = {}</msg>
<var>${app_states}</var>
<doc>Creates and returns a dictionary based on the given ``items``.</doc>
<status status="PASS" start="2024-02-28T11:51:59.649436" elapsed="0.001113"/>
</kw>
<for flavor="IN">
<iter>
<kw name="Run Keyword And Return Status" owner="BuiltIn">
<kw name="Should Contain" owner="BuiltIn">
<arg>${line}</arg>
<arg>ActivityTaskManager: START u0</arg>
<doc>Fails if ``container`` does not contain ``item`` one or more times.</doc>
<status status="PASS" start="2024-02-28T11:51:59.650549" elapsed="0.000000"/>
</kw>
<msg time="2024-02-28T11:51:59.650549" level="INFO">${start_marker} = True</msg>
<var>${start_marker}</var>
<arg>Should Contain</arg>
<arg>${line}</arg>
<arg>ActivityTaskManager: START u0</arg>
<doc>Runs the given keyword with given arguments and returns the status as a Boolean value.</doc>
<status status="PASS" start="2024-02-28T11:51:59.650549" elapsed="0.000000"/>
</kw>
<kw name="Run Keyword And Return Status" owner="BuiltIn">
<kw name="Should Contain" owner="BuiltIn">
<msg time="2024-02-28T11:51:59.651678" level="FAIL">'03-14 17:56:07.504  5230  7316 I ActivityTaskManager: START u0 {act=android.intent.action.MAIN cat=[android.intent.category.LAUNCHER] flg=0x10200000 cmp=com.sec.android.app.camera/.Camera bnds=[529,1342][693,1516]} from uid 10088' does not contain 'Layer: Destroyed ActivityRecord'</msg>
<arg>${line}</arg>
<arg>Layer: Destroyed ActivityRecord</arg>
<doc>Fails if ``container`` does not contain ``item`` one or more times.</doc>
<status status="FAIL" start="2024-02-28T11:51:59.651678" elapsed="0.000000">'03-14 17:56:07.504  5230  7316 I ActivityTaskManager: START u0 {act=android.intent.action.MAIN cat=[android.intent.category.LAUNCHER] flg=0x10200000 cmp=com.sec.android.app.camera/.Camera bnds=[529,1342][693,1516]} from uid 10088' does not contain 'Layer: Destroyed ActivityRecord'</status>
</kw>
<msg time="2024-02-28T11:51:59.651678" level="INFO">${end_marker} = False</msg>
<var>${end_marker}</var>
<arg>Should Contain</arg>
<arg>${line}</arg>
<arg>Layer: Destroyed ActivityRecord</arg>
<doc>Runs the given keyword with given arguments and returns the status as a Boolean value.</doc>
<status status="PASS" start="2024-02-28T11:51:59.651678" elapsed="0.000000"/>
</kw>
<if>
<branch type="IF" condition="${start_marker}">
<kw name="Run Keyword" owner="BuiltIn">
<kw name="Extract Start Marker Data">
<kw name="Get Package Name">
<kw name="Set Variable" owner="BuiltIn">
<msg time="2024-02-28T11:51:59.652795" level="INFO">${com_start} = 157</msg>
<var>${com_start}</var>
<arg>${line.find('com.')+4}</arg>
<doc>Returns the given values which can then be assigned to a variables.</doc>
<status status="PASS" start="2024-02-28T11:51:59.652795" elapsed="0.001072"/>
</kw>
<kw name="Get Substring" owner="String">
<msg time="2024-02-28T11:51:59.653910" level="INFO">${package_and_activity} = sec.android.app.camera/.Camera bnds=[529,1342][693,1516]} from uid 10088</msg>
<var>${package_and_activity}</var>
<arg>${line}</arg>
<arg>${com_start}</arg>
<arg>${None}</arg>
<doc>Returns a substring from ``start`` index to ``end`` index.</doc>
<status status="PASS" start="2024-02-28T11:51:59.653910" elapsed="0.000000"/>
</kw>
<kw name="Set Variable" owner="BuiltIn">
<msg time="2024-02-28T11:51:59.653910" level="INFO">${slash_index} = 22</msg>
<var>${slash_index}</var>
<arg>${package_and_activity.find('/')}</arg>
<doc>Returns the given values which can then be assigned to a variables.</doc>
<status status="PASS" start="2024-02-28T11:51:59.653910" elapsed="0.000000"/>
</kw>
<kw name="Get Substring" owner="String">
<msg time="2024-02-28T11:51:59.655189" level="INFO">${package_name} = sec.android.app.camera</msg>
<var>${package_name}</var>
<arg>${package_and_activity}</arg>
<arg>0</arg>
<arg>${slash_index}</arg>
<doc>Returns a substring from ``start`` index to ``end`` index.</doc>
<status status="PASS" start="2024-02-28T11:51:59.654912" elapsed="0.000277"/>
</kw>
<return>
<value>${package_name}</value>
<status status="PASS" start="2024-02-28T11:51:59.655189" elapsed="0.000000"/>
</return>
<msg time="2024-02-28T11:51:59.655189" level="INFO">${package_name} = sec.android.app.camera</msg>
<var>${package_name}</var>
<arg>${line}</arg>
<status status="PASS" start="2024-02-28T11:51:59.652795" elapsed="0.002394"/>
</kw>
<kw name="Fetch Time">
<kw name="Get Substring" owner="String">
<msg time="2024-02-28T11:51:59.656348" level="INFO">${time} = 17:56:07.504</msg>
<var>${time}</var>
<arg>${line}</arg>
<arg>6</arg>
<arg>18</arg>
<doc>Returns a substring from ``start`` index to ``end`` index.</doc>
<status status="PASS" start="2024-02-28T11:51:59.656348" elapsed="0.000000"/>
</kw>
<return>
<value>${time}</value>
<status status="PASS" start="2024-02-28T11:51:59.656348" elapsed="0.000000"/>
</return>
<msg time="2024-02-28T11:51:59.656348" level="INFO">${start_time} = 17:56:07.504</msg>
<var>${start_time}</var>
<arg>${line}</arg>
<status status="PASS" start="2024-02-28T11:51:59.655189" elapsed="0.001159"/>
</kw>
<kw name="Create Dictionary" owner="BuiltIn">
<msg time="2024-02-28T11:51:59.657493" level="INFO">${app_info} = {'start_time': '17:56:07.504', 'end_time': ''}</msg>
<var>${app_info}</var>
<arg>start_time=${start_time}</arg>
<arg>end_time=${EMPTY}</arg>
<doc>Creates and returns a dictionary based on the given ``items``.</doc>
<status status="PASS" start="2024-02-28T11:51:59.656348" elapsed="0.002177"/>
</kw>
<kw name="Set To Dictionary" owner="Collections">
<arg>${app_states}</arg>
<arg>${package_name}</arg>
<arg>${app_info}</arg>
<doc>Adds the given ``key_value_pairs`` and/or ``items`` to the ``dictionary``.</doc>
<status status="PASS" start="2024-02-28T11:51:59.658525" elapsed="0.000000"/>
</kw>
<arg>${app_states}</arg>
<arg>${line}</arg>
<arg>${parsed_data}</arg>
<status status="PASS" start="2024-02-28T11:51:59.651678" elapsed="0.006847"/>
</kw>
<arg>Extract Start Marker Data</arg>
<arg>${app_states}</arg>
<arg>${line}</arg>
<arg>${parsed_data}</arg>
<doc>Executes the given keyword with the given arguments.</doc>
<status status="PASS" start="2024-02-28T11:51:59.651678" elapsed="0.006847"/>
</kw>
<status status="PASS" start="2024-02-28T11:51:59.651678" elapsed="0.006847"/>
</branch>
<branch type="ELSE IF" condition="${end_marker}">
<kw name="Run Keyword" owner="BuiltIn">
<arg>Extract End Marker Data</arg>
<arg>${app_states}</arg>
<arg>${line}</arg>
<arg>${parsed_data}</arg>
<doc>Executes the given keyword with the given arguments.</doc>
<status status="NOT RUN" start="2024-02-28T11:51:59.658525" elapsed="0.000000"/>
</kw>
<status status="NOT RUN" start="2024-02-28T11:51:59.658525" elapsed="0.000000"/>
</branch>
<status status="PASS" start="2024-02-28T11:51:59.651678" elapsed="0.006847"/>
</if>
<var name="${line}">03-14 17:56:07.504  5230  7316 I ActivityTaskManager: START u0 {act=android.intent.action.MAIN cat=[android.intent.category.LAUNCHER] flg=0x10200000 cmp=com.sec.android.app.camera/.Camera bnds=[529,13...</var>
<status status="PASS" start="2024-02-28T11:51:59.650549" elapsed="0.007976"/>
</iter>
<iter>
<kw name="Run Keyword And Return Status" owner="BuiltIn">
<kw name="Should Contain" owner="BuiltIn">
<arg>${line}</arg>
<arg>ActivityTaskManager: START u0</arg>
<doc>Fails if ``container`` does not contain ``item`` one or more times.</doc>
<status status="PASS" start="2024-02-28T11:51:59.659661" elapsed="0.000000"/>
</kw>
<msg time="2024-02-28T11:51:59.659661" level="INFO">${start_marker} = True</msg>
<var>${start_marker}</var>
<arg>Should Contain</arg>
<arg>${line}</arg>
<arg>ActivityTaskManager: START u0</arg>
<doc>Runs the given keyword with given arguments and returns the status as a Boolean value.</doc>
<status status="PASS" start="2024-02-28T11:51:59.659661" elapsed="0.000000"/>
</kw>
<kw name="Run Keyword And Return Status" owner="BuiltIn">
<kw name="Should Contain" owner="BuiltIn">
<msg time="2024-02-28T11:51:59.659661" level="FAIL">'03-14 17:56:29.534  5230  7331 I ActivityTaskManager: START u0 {act=android.intent.action.MAIN cat=[android.intent.category.LAUNCHER] flg=0x10200000 cmp=com.netflix.mediaclient/.ui.launch.UIWebViewActivity bnds=[194,823][358,1056]} from uid 10088' does not contain 'Layer: Destroyed ActivityRecord'</msg>
<arg>${line}</arg>
<arg>Layer: Destroyed ActivityRecord</arg>
<doc>Fails if ``container`` does not contain ``item`` one or more times.</doc>
<status status="FAIL" start="2024-02-28T11:51:59.659661" elapsed="0.000000">'03-14 17:56:29.534  5230  7331 I ActivityTaskManager: START u0 {act=android.intent.action.MAIN cat=[android.intent.category.LAUNCHER] flg=0x10200000 cmp=com.netflix.mediaclient/.ui.launch.UIWebViewActivity bnds=[194,823][358,1056]} from uid 10088' does not contain 'Layer: Destroyed ActivityRecord'</status>
</kw>
<msg time="2024-02-28T11:51:59.660819" level="INFO">${end_marker} = False</msg>
<var>${end_marker}</var>
<arg>Should Contain</arg>
<arg>${line}</arg>
<arg>Layer: Destroyed ActivityRecord</arg>
<doc>Runs the given keyword with given arguments and returns the status as a Boolean value.</doc>
<status status="PASS" start="2024-02-28T11:51:59.659661" elapsed="0.001158"/>
</kw>
<if>
<branch type="IF" condition="${start_marker}">
<kw name="Run Keyword" owner="BuiltIn">
<kw name="Extract Start Marker Data">
<kw name="Get Package Name">
<kw name="Set Variable" owner="BuiltIn">
<msg time="2024-02-28T11:51:59.661874" level="INFO">${com_start} = 157</msg>
<var>${com_start}</var>
<arg>${line.find('com.')+4}</arg>
<doc>Returns the given values which can then be assigned to a variables.</doc>
<status status="PASS" start="2024-02-28T11:51:59.661874" elapsed="0.000000"/>
</kw>
<kw name="Get Substring" owner="String">
<msg time="2024-02-28T11:51:59.662994" level="INFO">${package_and_activity} = netflix.mediaclient/.ui.launch.UIWebViewActivity bnds=[194,823][358,1056]} from uid 10088</msg>
<var>${package_and_activity}</var>
<arg>${line}</arg>
<arg>${com_start}</arg>
<arg>${None}</arg>
<doc>Returns a substring from ``start`` index to ``end`` index.</doc>
<status status="PASS" start="2024-02-28T11:51:59.661874" elapsed="0.001120"/>
</kw>
<kw name="Set Variable" owner="BuiltIn">
<msg time="2024-02-28T11:51:59.662994" level="INFO">${slash_index} = 19</msg>
<var>${slash_index}</var>
<arg>${package_and_activity.find('/')}</arg>
<doc>Returns the given values which can then be assigned to a variables.</doc>
<status status="PASS" start="2024-02-28T11:51:59.662994" elapsed="0.000000"/>
</kw>
<kw name="Get Substring" owner="String">
<msg time="2024-02-28T11:51:59.662994" level="INFO">${package_name} = netflix.mediaclient</msg>
<var>${package_name}</var>
<arg>${package_and_activity}</arg>
<arg>0</arg>
<arg>${slash_index}</arg>
<doc>Returns a substring from ``start`` index to ``end`` index.</doc>
<status status="PASS" start="2024-02-28T11:51:59.662994" elapsed="0.000000"/>
</kw>
<return>
<value>${package_name}</value>
<status status="PASS" start="2024-02-28T11:51:59.662994" elapsed="0.000000"/>
</return>
<msg time="2024-02-28T11:51:59.664119" level="INFO">${package_name} = netflix.mediaclient</msg>
<var>${package_name}</var>
<arg>${line}</arg>
<status status="PASS" start="2024-02-28T11:51:59.661874" elapsed="0.002245"/>
</kw>
<kw name="Fetch Time">
<kw name="Get Substring" owner="String">
<msg time="2024-02-28T11:51:59.664119" level="INFO">${time} = 17:56:29.534</msg>
<var>${time}</var>
<arg>${line}</arg>
<arg>6</arg>
<arg>18</arg>
<doc>Returns a substring from ``start`` index to ``end`` index.</doc>
<status status="PASS" start="2024-02-28T11:51:59.664119" elapsed="0.000000"/>
</kw>
<return>
<value>${time}</value>
<status status="PASS" start="2024-02-28T11:51:59.664119" elapsed="0.000000"/>
</return>
<msg time="2024-02-28T11:51:59.664119" level="INFO">${start_time} = 17:56:29.534</msg>
<var>${start_time}</var>
<arg>${line}</arg>
<status status="PASS" start="2024-02-28T11:51:59.664119" elapsed="0.000000"/>
</kw>
<kw name="Create Dictionary" owner="BuiltIn">
<msg time="2024-02-28T11:51:59.665231" level="INFO">${app_info} = {'start_time': '17:56:29.534', 'end_time': ''}</msg>
<var>${app_info}</var>
<arg>start_time=${start_time}</arg>
<arg>end_time=${EMPTY}</arg>
<doc>Creates and returns a dictionary based on the given ``items``.</doc>
<status status="PASS" start="2024-02-28T11:51:59.664119" elapsed="0.001112"/>
</kw>
<kw name="Set To Dictionary" owner="Collections">
<arg>${app_states}</arg>
<arg>${package_name}</arg>
<arg>${app_info}</arg>
<doc>Adds the given ``key_value_pairs`` and/or ``items`` to the ``dictionary``.</doc>
<status status="PASS" start="2024-02-28T11:51:59.665231" elapsed="0.000000"/>
</kw>
<arg>${app_states}</arg>
<arg>${line}</arg>
<arg>${parsed_data}</arg>
<status status="PASS" start="2024-02-28T11:51:59.660819" elapsed="0.004412"/>
</kw>
<arg>Extract Start Marker Data</arg>
<arg>${app_states}</arg>
<arg>${line}</arg>
<arg>${parsed_data}</arg>
<doc>Executes the given keyword with the given arguments.</doc>
<status status="PASS" start="2024-02-28T11:51:59.660819" elapsed="0.004412"/>
</kw>
<status status="PASS" start="2024-02-28T11:51:59.660819" elapsed="0.004412"/>
</branch>
<branch type="ELSE IF" condition="${end_marker}">
<kw name="Run Keyword" owner="BuiltIn">
<arg>Extract End Marker Data</arg>
<arg>${app_states}</arg>
<arg>${line}</arg>
<arg>${parsed_data}</arg>
<doc>Executes the given keyword with the given arguments.</doc>
<status status="NOT RUN" start="2024-02-28T11:51:59.666304" elapsed="0.000000"/>
</kw>
<status status="NOT RUN" start="2024-02-28T11:51:59.665231" elapsed="0.001116"/>
</branch>
<status status="PASS" start="2024-02-28T11:51:59.660819" elapsed="0.005528"/>
</if>
<var name="${line}">03-14 17:56:29.534  5230  7331 I ActivityTaskManager: START u0 {act=android.intent.action.MAIN cat=[android.intent.category.LAUNCHER] flg=0x10200000 cmp=com.netflix.mediaclient/.ui.launch.UIWebViewAct...</var>
<status status="PASS" start="2024-02-28T11:51:59.659613" elapsed="0.006734"/>
</iter>
<iter>
<kw name="Run Keyword And Return Status" owner="BuiltIn">
<kw name="Should Contain" owner="BuiltIn">
<msg time="2024-02-28T11:51:59.666347" level="FAIL">'03-14 17:56:30.882  5230  5252 I Layer: Destroyed ActivityRecord{d2590bc u0 com.sec.android.app.camera}' does not contain 'ActivityTaskManager: START u0'</msg>
<arg>${line}</arg>
<arg>ActivityTaskManager: START u0</arg>
<doc>Fails if ``container`` does not contain ``item`` one or more times.</doc>
<status status="FAIL" start="2024-02-28T11:51:59.666347" elapsed="0.000000">'03-14 17:56:30.882  5230  5252 I Layer: Destroyed ActivityRecord{d2590bc u0 com.sec.android.app.camera}' does not contain 'ActivityTaskManager: START u0'</status>
</kw>
<msg time="2024-02-28T11:51:59.667425" level="INFO">${start_marker} = False</msg>
<var>${start_marker}</var>
<arg>Should Contain</arg>
<arg>${line}</arg>
<arg>ActivityTaskManager: START u0</arg>
<doc>Runs the given keyword with given arguments and returns the status as a Boolean value.</doc>
<status status="PASS" start="2024-02-28T11:51:59.666347" elapsed="0.001078"/>
</kw>
<kw name="Run Keyword And Return Status" owner="BuiltIn">
<kw name="Should Contain" owner="BuiltIn">
<arg>${line}</arg>
<arg>Layer: Destroyed ActivityRecord</arg>
<doc>Fails if ``container`` does not contain ``item`` one or more times.</doc>
<status status="PASS" start="2024-02-28T11:51:59.667469" elapsed="0.000000"/>
</kw>
<msg time="2024-02-28T11:51:59.667469" level="INFO">${end_marker} = True</msg>
<var>${end_marker}</var>
<arg>Should Contain</arg>
<arg>${line}</arg>
<arg>Layer: Destroyed ActivityRecord</arg>
<doc>Runs the given keyword with given arguments and returns the status as a Boolean value.</doc>
<status status="PASS" start="2024-02-28T11:51:59.667469" elapsed="0.000000"/>
</kw>
<if>
<branch type="IF" condition="${start_marker}">
<kw name="Run Keyword" owner="BuiltIn">
<arg>Extract Start Marker Data</arg>
<arg>${app_states}</arg>
<arg>${line}</arg>
<arg>${parsed_data}</arg>
<doc>Executes the given keyword with the given arguments.</doc>
<status status="NOT RUN" start="2024-02-28T11:51:59.667469" elapsed="0.000000"/>
</kw>
<status status="NOT RUN" start="2024-02-28T11:51:59.667469" elapsed="0.000000"/>
</branch>
<branch type="ELSE IF" condition="${end_marker}">
<kw name="Run Keyword" owner="BuiltIn">
<kw name="Extract End Marker Data">
<kw name="Get Package Name">
<kw name="Set Variable" owner="BuiltIn">
<msg time="2024-02-28T11:51:59.669699" level="INFO">${com_start} = 80</msg>
<var>${com_start}</var>
<arg>${line.find('com.')+4}</arg>
<doc>Returns the given values which can then be assigned to a variables.</doc>
<status status="PASS" start="2024-02-28T11:51:59.668586" elapsed="0.001113"/>
</kw>
<kw name="Get Substring" owner="String">
<msg time="2024-02-28T11:51:59.669699" level="INFO">${package_and_activity} = sec.android.app.camera}</msg>
<var>${package_and_activity}</var>
<arg>${line}</arg>
<arg>${com_start}</arg>
<arg>${None}</arg>
<doc>Returns a substring from ``start`` index to ``end`` index.</doc>
<status status="PASS" start="2024-02-28T11:51:59.669699" elapsed="0.000000"/>
</kw>
<kw name="Set Variable" owner="BuiltIn">
<msg time="2024-02-28T11:51:59.669699" level="INFO">${slash_index} = -1</msg>
<var>${slash_index}</var>
<arg>${package_and_activity.find('/')}</arg>
<doc>Returns the given values which can then be assigned to a variables.</doc>
<status status="PASS" start="2024-02-28T11:51:59.669699" elapsed="0.001072"/>
</kw>
<kw name="Get Substring" owner="String">
<msg time="2024-02-28T11:51:59.670812" level="INFO">${package_name} = sec.android.app.camera</msg>
<var>${package_name}</var>
<arg>${package_and_activity}</arg>
<arg>0</arg>
<arg>${slash_index}</arg>
<doc>Returns a substring from ``start`` index to ``end`` index.</doc>
<status status="PASS" start="2024-02-28T11:51:59.670812" elapsed="0.000000"/>
</kw>
<return>
<value>${package_name}</value>
<status status="PASS" start="2024-02-28T11:51:59.670812" elapsed="0.000000"/>
</return>
<msg time="2024-02-28T11:51:59.670812" level="INFO">${package_name} = sec.android.app.camera</msg>
<var>${package_name}</var>
<arg>${line}</arg>
<status status="PASS" start="2024-02-28T11:51:59.668586" elapsed="0.002226"/>
</kw>
<kw name="Fetch Time">
<kw name="Get Substring" owner="String">
<msg time="2024-02-28T11:51:59.671850" level="INFO">${time} = 17:56:30.882</msg>
<var>${time}</var>
<arg>${line}</arg>
<arg>6</arg>
<arg>18</arg>
<doc>Returns a substring from ``start`` index to ``end`` index.</doc>
<status status="PASS" start="2024-02-28T11:51:59.670812" elapsed="0.001038"/>
</kw>
<return>
<value>${time}</value>
<status status="PASS" start="2024-02-28T11:51:59.671850" elapsed="0.000000"/>
</return>
<msg time="2024-02-28T11:51:59.671850" level="INFO">${end_time} = 17:56:30.882</msg>
<var>${end_time}</var>
<arg>${line}</arg>
<status status="PASS" start="2024-02-28T11:51:59.670812" elapsed="0.001038"/>
</kw>
<kw name="Run Keyword And Return Status" owner="BuiltIn">
<kw name="Dictionary Should Contain Key" owner="Collections">
<msg time="2024-02-28T11:51:59.671850" level="INFO">False</msg>
<arg>${app_states}</arg>
<arg>${package_name}</arg>
<doc>Fails if ``key`` is not found from ``dictionary``.</doc>
<status status="PASS" start="2024-02-28T11:51:59.671850" elapsed="0.000000"/>
</kw>
<msg time="2024-02-28T11:51:59.671850" level="INFO">${app_exists} = True</msg>
<var>${app_exists}</var>
<arg>Dictionary Should Contain Key</arg>
<arg>${app_states}</arg>
<arg>${package_name}</arg>
<doc>Runs the given keyword with given arguments and returns the status as a Boolean value.</doc>
<status status="PASS" start="2024-02-28T11:51:59.671850" elapsed="0.000000"/>
</kw>
<if>
<branch type="IF" condition="${app_exists}">
<kw name="Get From Dictionary" owner="Collections">
<msg time="2024-02-28T11:51:59.672928" level="INFO">${app_info} = {'start_time': '17:56:07.504', 'end_time': ''}</msg>
<var>${app_info}</var>
<arg>${app_states}</arg>
<arg>${package_name}</arg>
<doc>Returns a value from the given ``dictionary`` based on the given ``key``.</doc>
<status status="PASS" start="2024-02-28T11:51:59.672928" elapsed="0.000000"/>
</kw>
<kw name="Set To Dictionary" owner="Collections">
<arg>${app_info}</arg>
<arg>end_time</arg>
<arg>${end_time}</arg>
<doc>Adds the given ``key_value_pairs`` and/or ``items`` to the ``dictionary``.</doc>
<status status="PASS" start="2024-02-28T11:51:59.672928" elapsed="0.000000"/>
</kw>
<kw name="Create Dictionary" owner="BuiltIn">
<msg time="2024-02-28T11:51:59.672928" level="INFO">${app_data} = {'package': 'sec.android.app.camera', 'start_time': '17:56:07.504', 'end_time': '17:56:30.882'}</msg>
<var>${app_data}</var>
<arg>package=${package_name}</arg>
<arg>start_time=${app_info}[start_time]</arg>
<arg>end_time=${end_time}</arg>
<doc>Creates and returns a dictionary based on the given ``items``.</doc>
<status status="PASS" start="2024-02-28T11:51:59.672928" elapsed="0.000000"/>
</kw>
<kw name="Append To List" owner="Collections">
<arg>${parsed_data}</arg>
<arg>${app_data}</arg>
<doc>Adds ``values`` to the end of ``list``.</doc>
<status status="PASS" start="2024-02-28T11:51:59.674046" elapsed="0.000000"/>
</kw>
<kw name="Remove From Dictionary" owner="Collections">
<msg time="2024-02-28T11:51:59.674046" level="INFO">Removed item with key 'sec.android.app.camera' and value '{'start_time': '17:56:07.504', 'end_time': '17:56:30.882'}'.</msg>
<arg>${app_states}</arg>
<arg>${package_name}</arg>
<doc>Removes the given ``keys`` from the ``dictionary``.</doc>
<status status="PASS" start="2024-02-28T11:51:59.674046" elapsed="0.000000"/>
</kw>
<status status="PASS" start="2024-02-28T11:51:59.672900" elapsed="0.001146"/>
</branch>
<branch type="ELSE">
<kw name="Log" owner="BuiltIn">
<arg>Warning: End marker found for ${package_name} without a corresponding start marker.</arg>
<doc>Logs the given message with the given level.</doc>
<status status="NOT RUN" start="2024-02-28T11:51:59.674046" elapsed="0.000000"/>
</kw>
<status status="NOT RUN" start="2024-02-28T11:51:59.674046" elapsed="0.000000"/>
</branch>
<status status="PASS" start="2024-02-28T11:51:59.672851" elapsed="0.001195"/>
</if>
<arg>${app_states}</arg>
<arg>${line}</arg>
<arg>${parsed_data}</arg>
<status status="PASS" start="2024-02-28T11:51:59.668586" elapsed="0.005460"/>
</kw>
<arg>Extract End Marker Data</arg>
<arg>${app_states}</arg>
<arg>${line}</arg>
<arg>${parsed_data}</arg>
<doc>Executes the given keyword with the given arguments.</doc>
<status status="PASS" start="2024-02-28T11:51:59.667469" elapsed="0.006577"/>
</kw>
<status status="PASS" start="2024-02-28T11:51:59.667469" elapsed="0.006577"/>
</branch>
<status status="PASS" start="2024-02-28T11:51:59.667469" elapsed="0.007653"/>
</if>
<var name="${line}">03-14 17:56:30.882  5230  5252 I Layer: Destroyed ActivityRecord{d2590bc u0 com.sec.android.app.camera}</var>
<status status="PASS" start="2024-02-28T11:51:59.666347" elapsed="0.008803"/>
</iter>
<iter>
<kw name="Run Keyword And Return Status" owner="BuiltIn">
<kw name="Should Contain" owner="BuiltIn">
<arg>${line}</arg>
<arg>ActivityTaskManager: START u0</arg>
<doc>Fails if ``container`` does not contain ``item`` one or more times.</doc>
<status status="PASS" start="2024-02-28T11:51:59.675167" elapsed="0.000000"/>
</kw>
<msg time="2024-02-28T11:51:59.675167" level="INFO">${start_marker} = True</msg>
<var>${start_marker}</var>
<arg>Should Contain</arg>
<arg>${line}</arg>
<arg>ActivityTaskManager: START u0</arg>
<doc>Runs the given keyword with given arguments and returns the status as a Boolean value.</doc>
<status status="PASS" start="2024-02-28T11:51:59.675167" elapsed="0.000000"/>
</kw>
<kw name="Run Keyword And Return Status" owner="BuiltIn">
<kw name="Should Contain" owner="BuiltIn">
<msg time="2024-02-28T11:51:59.676242" level="FAIL">'03-14 17:56:33.783  5230  7966 I ActivityTaskManager: START u0 {act=android.intent.action.VIEW dat=http://market.android.com/... cmp=com.android.vending/com.google.android.finsky.activities.MainActivity (has extras)} from uid 10193' does not contain 'Layer: Destroyed ActivityRecord'</msg>
<arg>${line}</arg>
<arg>Layer: Destroyed ActivityRecord</arg>
<doc>Fails if ``container`` does not contain ``item`` one or more times.</doc>
<status status="FAIL" start="2024-02-28T11:51:59.675167" elapsed="0.001126">'03-14 17:56:33.783  5230  7966 I ActivityTaskManager: START u0 {act=android.intent.action.VIEW dat=http://market.android.com/... cmp=com.android.vending/com.google.android.finsky.activities.MainActivity (has extras)} from uid 10193' does not contain 'Layer: Destroyed ActivityRecord'</status>
</kw>
<msg time="2024-02-28T11:51:59.676293" level="INFO">${end_marker} = False</msg>
<var>${end_marker}</var>
<arg>Should Contain</arg>
<arg>${line}</arg>
<arg>Layer: Destroyed ActivityRecord</arg>
<doc>Runs the given keyword with given arguments and returns the status as a Boolean value.</doc>
<status status="PASS" start="2024-02-28T11:51:59.675167" elapsed="0.001126"/>
</kw>
<if>
<branch type="IF" condition="${start_marker}">
<kw name="Run Keyword" owner="BuiltIn">
<kw name="Extract Start Marker Data">
<kw name="Get Package Name">
<kw name="Set Variable" owner="BuiltIn">
<msg time="2024-02-28T11:51:59.677423" level="INFO">${com_start} = 137</msg>
<var>${com_start}</var>
<arg>${line.find('com.')+4}</arg>
<doc>Returns the given values which can then be assigned to a variables.</doc>
<status status="PASS" start="2024-02-28T11:51:59.677423" elapsed="0.000000"/>
</kw>
<kw name="Get Substring" owner="String">
<msg time="2024-02-28T11:51:59.677423" level="INFO">${package_and_activity} = android.vending/com.google.android.finsky.activities.MainActivity (has extras)} from uid 10193</msg>
<var>${package_and_activity}</var>
<arg>${line}</arg>
<arg>${com_start}</arg>
<arg>${None}</arg>
<doc>Returns a substring from ``start`` index to ``end`` index.</doc>
<status status="PASS" start="2024-02-28T11:51:59.677423" elapsed="0.001075"/>
</kw>
<kw name="Set Variable" owner="BuiltIn">
<msg time="2024-02-28T11:51:59.678544" level="INFO">${slash_index} = 15</msg>
<var>${slash_index}</var>
<arg>${package_and_activity.find('/')}</arg>
<doc>Returns the given values which can then be assigned to a variables.</doc>
<status status="PASS" start="2024-02-28T11:51:59.678544" elapsed="0.000000"/>
</kw>
<kw name="Get Substring" owner="String">
<msg time="2024-02-28T11:51:59.678544" level="INFO">${package_name} = android.vending</msg>
<var>${package_name}</var>
<arg>${package_and_activity}</arg>
<arg>0</arg>
<arg>${slash_index}</arg>
<doc>Returns a substring from ``start`` index to ``end`` index.</doc>
<status status="PASS" start="2024-02-28T11:51:59.678544" elapsed="0.000000"/>
</kw>
<return>
<value>${package_name}</value>
<status status="PASS" start="2024-02-28T11:51:59.678544" elapsed="0.000000"/>
</return>
<msg time="2024-02-28T11:51:59.678544" level="INFO">${package_name} = android.vending</msg>
<var>${package_name}</var>
<arg>${line}</arg>
<status status="PASS" start="2024-02-28T11:51:59.676293" elapsed="0.003324"/>
</kw>
<kw name="Fetch Time">
<kw name="Get Substring" owner="String">
<msg time="2024-02-28T11:51:59.679661" level="INFO">${time} = 17:56:33.783</msg>
<var>${time}</var>
<arg>${line}</arg>
<arg>6</arg>
<arg>18</arg>
<doc>Returns a substring from ``start`` index to ``end`` index.</doc>
<status status="PASS" start="2024-02-28T11:51:59.679661" elapsed="0.000000"/>
</kw>
<return>
<value>${time}</value>
<status status="PASS" start="2024-02-28T11:51:59.679661" elapsed="0.000000"/>
</return>
<msg time="2024-02-28T11:51:59.679661" level="INFO">${start_time} = 17:56:33.783</msg>
<var>${start_time}</var>
<arg>${line}</arg>
<status status="PASS" start="2024-02-28T11:51:59.679661" elapsed="0.000000"/>
</kw>
<kw name="Create Dictionary" owner="BuiltIn">
<msg time="2024-02-28T11:51:59.680780" level="INFO">${app_info} = {'start_time': '17:56:33.783', 'end_time': ''}</msg>
<var>${app_info}</var>
<arg>start_time=${start_time}</arg>
<arg>end_time=${EMPTY}</arg>
<doc>Creates and returns a dictionary based on the given ``items``.</doc>
<status status="PASS" start="2024-02-28T11:51:59.679661" elapsed="0.001119"/>
</kw>
<kw name="Set To Dictionary" owner="Collections">
<arg>${app_states}</arg>
<arg>${package_name}</arg>
<arg>${app_info}</arg>
<doc>Adds the given ``key_value_pairs`` and/or ``items`` to the ``dictionary``.</doc>
<status status="PASS" start="2024-02-28T11:51:59.680780" elapsed="0.000000"/>
</kw>
<arg>${app_states}</arg>
<arg>${line}</arg>
<arg>${parsed_data}</arg>
<status status="PASS" start="2024-02-28T11:51:59.676293" elapsed="0.004487"/>
</kw>
<arg>Extract Start Marker Data</arg>
<arg>${app_states}</arg>
<arg>${line}</arg>
<arg>${parsed_data}</arg>
<doc>Executes the given keyword with the given arguments.</doc>
<status status="PASS" start="2024-02-28T11:51:59.676293" elapsed="0.004487"/>
</kw>
<status status="PASS" start="2024-02-28T11:51:59.676293" elapsed="0.004487"/>
</branch>
<branch type="ELSE IF" condition="${end_marker}">
<kw name="Run Keyword" owner="BuiltIn">
<arg>Extract End Marker Data</arg>
<arg>${app_states}</arg>
<arg>${line}</arg>
<arg>${parsed_data}</arg>
<doc>Executes the given keyword with the given arguments.</doc>
<status status="NOT RUN" start="2024-02-28T11:51:59.680780" elapsed="0.000000"/>
</kw>
<status status="NOT RUN" start="2024-02-28T11:51:59.680780" elapsed="0.000000"/>
</branch>
<status status="PASS" start="2024-02-28T11:51:59.676293" elapsed="0.004487"/>
</if>
<var name="${line}">03-14 17:56:33.783  5230  7966 I ActivityTaskManager: START u0 {act=android.intent.action.VIEW dat=http://market.android.com/... cmp=com.android.vending/com.google.android.finsky.activities.MainActivi...</var>
<status status="PASS" start="2024-02-28T11:51:59.675167" elapsed="0.006686"/>
</iter>
<iter>
<kw name="Run Keyword And Return Status" owner="BuiltIn">
<kw name="Should Contain" owner="BuiltIn">
<arg>${line}</arg>
<arg>ActivityTaskManager: START u0</arg>
<doc>Fails if ``container`` does not contain ``item`` one or more times.</doc>
<status status="PASS" start="2024-02-28T11:51:59.681896" elapsed="0.000000"/>
</kw>
<msg time="2024-02-28T11:51:59.681896" level="INFO">${start_marker} = True</msg>
<var>${start_marker}</var>
<arg>Should Contain</arg>
<arg>${line}</arg>
<arg>ActivityTaskManager: START u0</arg>
<doc>Runs the given keyword with given arguments and returns the status as a Boolean value.</doc>
<status status="PASS" start="2024-02-28T11:51:59.681896" elapsed="0.000000"/>
</kw>
<kw name="Run Keyword And Return Status" owner="BuiltIn">
<kw name="Should Contain" owner="BuiltIn">
<msg time="2024-02-28T11:51:59.681896" level="FAIL">'03-14 17:56:40.793  5230  5681 I ActivityTaskManager: START u0 {act=android.intent.action.MAIN cat=[android.intent.category.LAUNCHER] flg=0x10200000 cmp=com.spotify.music/.MainActivity bnds=[26,823][190,1056]} from uid 10088' does not contain 'Layer: Destroyed ActivityRecord'</msg>
<arg>${line}</arg>
<arg>Layer: Destroyed ActivityRecord</arg>
<doc>Fails if ``container`` does not contain ``item`` one or more times.</doc>
<status status="FAIL" start="2024-02-28T11:51:59.681896" elapsed="0.001100">'03-14 17:56:40.793  5230  5681 I ActivityTaskManager: START u0 {act=android.intent.action.MAIN cat=[android.intent.category.LAUNCHER] flg=0x10200000 cmp=com.spotify.music/.MainActivity bnds=[26,823][190,1056]} from uid 10088' does not contain 'Layer: Destroyed ActivityRecord'</status>
</kw>
<msg time="2024-02-28T11:51:59.683013" level="INFO">${end_marker} = False</msg>
<var>${end_marker}</var>
<arg>Should Contain</arg>
<arg>${line}</arg>
<arg>Layer: Destroyed ActivityRecord</arg>
<doc>Runs the given keyword with given arguments and returns the status as a Boolean value.</doc>
<status status="PASS" start="2024-02-28T11:51:59.681896" elapsed="0.001117"/>
</kw>
<if>
<branch type="IF" condition="${start_marker}">
<kw name="Run Keyword" owner="BuiltIn">
<kw name="Extract Start Marker Data">
<kw name="Get Package Name">
<kw name="Set Variable" owner="BuiltIn">
<msg time="2024-02-28T11:51:59.684129" level="INFO">${com_start} = 157</msg>
<var>${com_start}</var>
<arg>${line.find('com.')+4}</arg>
<doc>Returns the given values which can then be assigned to a variables.</doc>
<status status="PASS" start="2024-02-28T11:51:59.684085" elapsed="0.000044"/>
</kw>
<kw name="Get Substring" owner="String">
<msg time="2024-02-28T11:51:59.684129" level="INFO">${package_and_activity} = spotify.music/.MainActivity bnds=[26,823][190,1056]} from uid 10088</msg>
<var>${package_and_activity}</var>
<arg>${line}</arg>
<arg>${com_start}</arg>
<arg>${None}</arg>
<doc>Returns a substring from ``start`` index to ``end`` index.</doc>
<status status="PASS" start="2024-02-28T11:51:59.684129" elapsed="0.000000"/>
</kw>
<kw name="Set Variable" owner="BuiltIn">
<msg time="2024-02-28T11:51:59.685244" level="INFO">${slash_index} = 13</msg>
<var>${slash_index}</var>
<arg>${package_and_activity.find('/')}</arg>
<doc>Returns the given values which can then be assigned to a variables.</doc>
<status status="PASS" start="2024-02-28T11:51:59.684129" elapsed="0.001115"/>
</kw>
<kw name="Get Substring" owner="String">
<msg time="2024-02-28T11:51:59.685244" level="INFO">${package_name} = spotify.music</msg>
<var>${package_name}</var>
<arg>${package_and_activity}</arg>
<arg>0</arg>
<arg>${slash_index}</arg>
<doc>Returns a substring from ``start`` index to ``end`` index.</doc>
<status status="PASS" start="2024-02-28T11:51:59.685244" elapsed="0.000000"/>
</kw>
<return>
<value>${package_name}</value>
<status status="PASS" start="2024-02-28T11:51:59.685244" elapsed="0.000000"/>
</return>
<msg time="2024-02-28T11:51:59.685244" level="INFO">${package_name} = spotify.music</msg>
<var>${package_name}</var>
<arg>${line}</arg>
<status status="PASS" start="2024-02-28T11:51:59.683013" elapsed="0.002231"/>
</kw>
<kw name="Fetch Time">
<kw name="Get Substring" owner="String">
<msg time="2024-02-28T11:51:59.686360" level="INFO">${time} = 17:56:40.793</msg>
<var>${time}</var>
<arg>${line}</arg>
<arg>6</arg>
<arg>18</arg>
<doc>Returns a substring from ``start`` index to ``end`` index.</doc>
<status status="PASS" start="2024-02-28T11:51:59.686360" elapsed="0.000000"/>
</kw>
<return>
<value>${time}</value>
<status status="PASS" start="2024-02-28T11:51:59.686360" elapsed="0.000000"/>
</return>
<msg time="2024-02-28T11:51:59.686360" level="INFO">${start_time} = 17:56:40.793</msg>
<var>${start_time}</var>
<arg>${line}</arg>
<status status="PASS" start="2024-02-28T11:51:59.685244" elapsed="0.001116"/>
</kw>
<kw name="Create Dictionary" owner="BuiltIn">
<msg time="2024-02-28T11:51:59.686360" level="INFO">${app_info} = {'start_time': '17:56:40.793', 'end_time': ''}</msg>
<var>${app_info}</var>
<arg>start_time=${start_time}</arg>
<arg>end_time=${EMPTY}</arg>
<doc>Creates and returns a dictionary based on the given ``items``.</doc>
<status status="PASS" start="2024-02-28T11:51:59.686360" elapsed="0.001102"/>
</kw>
<kw name="Set To Dictionary" owner="Collections">
<arg>${app_states}</arg>
<arg>${package_name}</arg>
<arg>${app_info}</arg>
<doc>Adds the given ``key_value_pairs`` and/or ``items`` to the ``dictionary``.</doc>
<status status="PASS" start="2024-02-28T11:51:59.687479" elapsed="0.000000"/>
</kw>
<arg>${app_states}</arg>
<arg>${line}</arg>
<arg>${parsed_data}</arg>
<status status="PASS" start="2024-02-28T11:51:59.683013" elapsed="0.004466"/>
</kw>
<arg>Extract Start Marker Data</arg>
<arg>${app_states}</arg>
<arg>${line}</arg>
<arg>${parsed_data}</arg>
<doc>Executes the given keyword with the given arguments.</doc>
<status status="PASS" start="2024-02-28T11:51:59.683013" elapsed="0.004466"/>
</kw>
<status status="PASS" start="2024-02-28T11:51:59.683013" elapsed="0.004466"/>
</branch>
<branch type="ELSE IF" condition="${end_marker}">
<kw name="Run Keyword" owner="BuiltIn">
<arg>Extract End Marker Data</arg>
<arg>${app_states}</arg>
<arg>${line}</arg>
<arg>${parsed_data}</arg>
<doc>Executes the given keyword with the given arguments.</doc>
<status status="NOT RUN" start="2024-02-28T11:51:59.687479" elapsed="0.000000"/>
</kw>
<status status="NOT RUN" start="2024-02-28T11:51:59.687479" elapsed="0.000000"/>
</branch>
<status status="PASS" start="2024-02-28T11:51:59.683013" elapsed="0.004466"/>
</if>
<var name="${line}">03-14 17:56:40.793  5230  5681 I ActivityTaskManager: START u0 {act=android.intent.action.MAIN cat=[android.intent.category.LAUNCHER] flg=0x10200000 cmp=com.spotify.music/.MainActivity bnds=[26,823][1...</var>
<status status="PASS" start="2024-02-28T11:51:59.681896" elapsed="0.005583"/>
</iter>
<iter>
<kw name="Run Keyword And Return Status" owner="BuiltIn">
<kw name="Should Contain" owner="BuiltIn">
<msg time="2024-02-28T11:51:59.688507" level="FAIL">'03-14 17:56:49.245  5230  5252 I Layer: Destroyed ActivityRecord{d2590bc u0 com.android.vending}' does not contain 'ActivityTaskManager: START u0'</msg>
<arg>${line}</arg>
<arg>ActivityTaskManager: START u0</arg>
<doc>Fails if ``container`` does not contain ``item`` one or more times.</doc>
<status status="FAIL" start="2024-02-28T11:51:59.688507" elapsed="0.000000">'03-14 17:56:49.245  5230  5252 I Layer: Destroyed ActivityRecord{d2590bc u0 com.android.vending}' does not contain 'ActivityTaskManager: START u0'</status>
</kw>
<msg time="2024-02-28T11:51:59.688507" level="INFO">${start_marker} = False</msg>
<var>${start_marker}</var>
<arg>Should Contain</arg>
<arg>${line}</arg>
<arg>ActivityTaskManager: START u0</arg>
<doc>Runs the given keyword with given arguments and returns the status as a Boolean value.</doc>
<status status="PASS" start="2024-02-28T11:51:59.687479" elapsed="0.001028"/>
</kw>
<kw name="Run Keyword And Return Status" owner="BuiltIn">
<kw name="Should Contain" owner="BuiltIn">
<arg>${line}</arg>
<arg>Layer: Destroyed ActivityRecord</arg>
<doc>Fails if ``container`` does not contain ``item`` one or more times.</doc>
<status status="PASS" start="2024-02-28T11:51:59.688507" elapsed="0.001073"/>
</kw>
<msg time="2024-02-28T11:51:59.689580" level="INFO">${end_marker} = True</msg>
<var>${end_marker}</var>
<arg>Should Contain</arg>
<arg>${line}</arg>
<arg>Layer: Destroyed ActivityRecord</arg>
<doc>Runs the given keyword with given arguments and returns the status as a Boolean value.</doc>
<status status="PASS" start="2024-02-28T11:51:59.688507" elapsed="0.001073"/>
</kw>
<if>
<branch type="IF" condition="${start_marker}">
<kw name="Run Keyword" owner="BuiltIn">
<arg>Extract Start Marker Data</arg>
<arg>${app_states}</arg>
<arg>${line}</arg>
<arg>${parsed_data}</arg>
<doc>Executes the given keyword with the given arguments.</doc>
<status status="NOT RUN" start="2024-02-28T11:51:59.689580" elapsed="0.000000"/>
</kw>
<status status="NOT RUN" start="2024-02-28T11:51:59.689580" elapsed="0.000000"/>
</branch>
<branch type="ELSE IF" condition="${end_marker}">
<kw name="Run Keyword" owner="BuiltIn">
<kw name="Extract End Marker Data">
<kw name="Get Package Name">
<kw name="Set Variable" owner="BuiltIn">
<msg time="2024-02-28T11:51:59.690701" level="INFO">${com_start} = 80</msg>
<var>${com_start}</var>
<arg>${line.find('com.')+4}</arg>
<doc>Returns the given values which can then be assigned to a variables.</doc>
<status status="PASS" start="2024-02-28T11:51:59.690701" elapsed="0.000000"/>
</kw>
<kw name="Get Substring" owner="String">
<msg time="2024-02-28T11:51:59.691812" level="INFO">${package_and_activity} = android.vending}</msg>
<var>${package_and_activity}</var>
<arg>${line}</arg>
<arg>${com_start}</arg>
<arg>${None}</arg>
<doc>Returns a substring from ``start`` index to ``end`` index.</doc>
<status status="PASS" start="2024-02-28T11:51:59.690701" elapsed="0.001127"/>
</kw>
<kw name="Set Variable" owner="BuiltIn">
<msg time="2024-02-28T11:51:59.691828" level="INFO">${slash_index} = -1</msg>
<var>${slash_index}</var>
<arg>${package_and_activity.find('/')}</arg>
<doc>Returns the given values which can then be assigned to a variables.</doc>
<status status="PASS" start="2024-02-28T11:51:59.691828" elapsed="0.000000"/>
</kw>
<kw name="Get Substring" owner="String">
<msg time="2024-02-28T11:51:59.691828" level="INFO">${package_name} = android.vending</msg>
<var>${package_name}</var>
<arg>${package_and_activity}</arg>
<arg>0</arg>
<arg>${slash_index}</arg>
<doc>Returns a substring from ``start`` index to ``end`` index.</doc>
<status status="PASS" start="2024-02-28T11:51:59.691828" elapsed="0.000000"/>
</kw>
<return>
<value>${package_name}</value>
<status status="PASS" start="2024-02-28T11:51:59.691828" elapsed="0.000000"/>
</return>
<msg time="2024-02-28T11:51:59.692944" level="INFO">${package_name} = android.vending</msg>
<var>${package_name}</var>
<arg>${line}</arg>
<status status="PASS" start="2024-02-28T11:51:59.690701" elapsed="0.002243"/>
</kw>
<kw name="Fetch Time">
<kw name="Get Substring" owner="String">
<msg time="2024-02-28T11:51:59.692944" level="INFO">${time} = 17:56:49.245</msg>
<var>${time}</var>
<arg>${line}</arg>
<arg>6</arg>
<arg>18</arg>
<doc>Returns a substring from ``start`` index to ``end`` index.</doc>
<status status="PASS" start="2024-02-28T11:51:59.692944" elapsed="0.000000"/>
</kw>
<return>
<value>${time}</value>
<status status="PASS" start="2024-02-28T11:51:59.692944" elapsed="0.000000"/>
</return>
<msg time="2024-02-28T11:51:59.692944" level="INFO">${end_time} = 17:56:49.245</msg>
<var>${end_time}</var>
<arg>${line}</arg>
<status status="PASS" start="2024-02-28T11:51:59.692944" elapsed="0.000000"/>
</kw>
<kw name="Run Keyword And Return Status" owner="BuiltIn">
<kw name="Dictionary Should Contain Key" owner="Collections">
<msg time="2024-02-28T11:51:59.694058" level="INFO">False</msg>
<arg>${app_states}</arg>
<arg>${package_name}</arg>
<doc>Fails if ``key`` is not found from ``dictionary``.</doc>
<status status="PASS" start="2024-02-28T11:51:59.694017" elapsed="0.000041"/>
</kw>
<msg time="2024-02-28T11:51:59.694058" level="INFO">${app_exists} = True</msg>
<var>${app_exists}</var>
<arg>Dictionary Should Contain Key</arg>
<arg>${app_states}</arg>
<arg>${package_name}</arg>
<doc>Runs the given keyword with given arguments and returns the status as a Boolean value.</doc>
<status status="PASS" start="2024-02-28T11:51:59.692944" elapsed="0.001114"/>
</kw>
<if>
<branch type="IF" condition="${app_exists}">
<kw name="Get From Dictionary" owner="Collections">
<msg time="2024-02-28T11:51:59.694058" level="INFO">${app_info} = {'start_time': '17:56:33.783', 'end_time': ''}</msg>
<var>${app_info}</var>
<arg>${app_states}</arg>
<arg>${package_name}</arg>
<doc>Returns a value from the given ``dictionary`` based on the given ``key``.</doc>
<status status="PASS" start="2024-02-28T11:51:59.694058" elapsed="0.000000"/>
</kw>
<kw name="Set To Dictionary" owner="Collections">
<arg>${app_info}</arg>
<arg>end_time</arg>
<arg>${end_time}</arg>
<doc>Adds the given ``key_value_pairs`` and/or ``items`` to the ``dictionary``.</doc>
<status status="PASS" start="2024-02-28T11:51:59.694058" elapsed="0.000000"/>
</kw>
<kw name="Create Dictionary" owner="BuiltIn">
<msg time="2024-02-28T11:51:59.695171" level="INFO">${app_data} = {'package': 'android.vending', 'start_time': '17:56:33.783', 'end_time': '17:56:49.245'}</msg>
<var>${app_data}</var>
<arg>package=${package_name}</arg>
<arg>start_time=${app_info}[start_time]</arg>
<arg>end_time=${end_time}</arg>
<doc>Creates and returns a dictionary based on the given ``items``.</doc>
<status status="PASS" start="2024-02-28T11:51:59.694058" elapsed="0.001113"/>
</kw>
<kw name="Append To List" owner="Collections">
<arg>${parsed_data}</arg>
<arg>${app_data}</arg>
<doc>Adds ``values`` to the end of ``list``.</doc>
<status status="PASS" start="2024-02-28T11:51:59.695171" elapsed="0.000000"/>
</kw>
<kw name="Remove From Dictionary" owner="Collections">
<msg time="2024-02-28T11:51:59.695171" level="INFO">Removed item with key 'android.vending' and value '{'start_time': '17:56:33.783', 'end_time': '17:56:49.245'}'.</msg>
<arg>${app_states}</arg>
<arg>${package_name}</arg>
<doc>Removes the given ``keys`` from the ``dictionary``.</doc>
<status status="PASS" start="2024-02-28T11:51:59.695171" elapsed="0.000000"/>
</kw>
<status status="PASS" start="2024-02-28T11:51:59.694058" elapsed="0.001113"/>
</branch>
<branch type="ELSE">
<kw name="Log" owner="BuiltIn">
<arg>Warning: End marker found for ${package_name} without a corresponding start marker.</arg>
<doc>Logs the given message with the given level.</doc>
<status status="NOT RUN" start="2024-02-28T11:51:59.695171" elapsed="0.000000"/>
</kw>
<status status="NOT RUN" start="2024-02-28T11:51:59.695171" elapsed="0.000000"/>
</branch>
<status status="PASS" start="2024-02-28T11:51:59.694058" elapsed="0.001113"/>
</if>
<arg>${app_states}</arg>
<arg>${line}</arg>
<arg>${parsed_data}</arg>
<status status="PASS" start="2024-02-28T11:51:59.689580" elapsed="0.006695"/>
</kw>
<arg>Extract End Marker Data</arg>
<arg>${app_states}</arg>
<arg>${line}</arg>
<arg>${parsed_data}</arg>
<doc>Executes the given keyword with the given arguments.</doc>
<status status="PASS" start="2024-02-28T11:51:59.689580" elapsed="0.006712"/>
</kw>
<status status="PASS" start="2024-02-28T11:51:59.689580" elapsed="0.006712"/>
</branch>
<status status="PASS" start="2024-02-28T11:51:59.689580" elapsed="0.006712"/>
</if>
<var name="${line}">03-14 17:56:49.245  5230  5252 I Layer: Destroyed ActivityRecord{d2590bc u0 com.android.vending}</var>
<status status="PASS" start="2024-02-28T11:51:59.687479" elapsed="0.008813"/>
</iter>
<iter>
<kw name="Run Keyword And Return Status" owner="BuiltIn">
<kw name="Should Contain" owner="BuiltIn">
<msg time="2024-02-28T11:51:59.696292" level="FAIL">'03-14 17:56:58.802  5230  5252 I Layer: Destroyed ActivityRecord{d2590bc u0 com.spotify.music}' does not contain 'ActivityTaskManager: START u0'</msg>
<arg>${line}</arg>
<arg>ActivityTaskManager: START u0</arg>
<doc>Fails if ``container`` does not contain ``item`` one or more times.</doc>
<status status="FAIL" start="2024-02-28T11:51:59.696292" elapsed="0.000000">'03-14 17:56:58.802  5230  5252 I Layer: Destroyed ActivityRecord{d2590bc u0 com.spotify.music}' does not contain 'ActivityTaskManager: START u0'</status>
</kw>
<msg time="2024-02-28T11:51:59.696292" level="INFO">${start_marker} = False</msg>
<var>${start_marker}</var>
<arg>Should Contain</arg>
<arg>${line}</arg>
<arg>ActivityTaskManager: START u0</arg>
<doc>Runs the given keyword with given arguments and returns the status as a Boolean value.</doc>
<status status="PASS" start="2024-02-28T11:51:59.696292" elapsed="0.000000"/>
</kw>
<kw name="Run Keyword And Return Status" owner="BuiltIn">
<kw name="Should Contain" owner="BuiltIn">
<arg>${line}</arg>
<arg>Layer: Destroyed ActivityRecord</arg>
<doc>Fails if ``container`` does not contain ``item`` one or more times.</doc>
<status status="PASS" start="2024-02-28T11:51:59.697413" elapsed="0.000000"/>
</kw>
<msg time="2024-02-28T11:51:59.697413" level="INFO">${end_marker} = True</msg>
<var>${end_marker}</var>
<arg>Should Contain</arg>
<arg>${line}</arg>
<arg>Layer: Destroyed ActivityRecord</arg>
<doc>Runs the given keyword with given arguments and returns the status as a Boolean value.</doc>
<status status="PASS" start="2024-02-28T11:51:59.697369" elapsed="0.000044"/>
</kw>
<if>
<branch type="IF" condition="${start_marker}">
<kw name="Run Keyword" owner="BuiltIn">
<arg>Extract Start Marker Data</arg>
<arg>${app_states}</arg>
<arg>${line}</arg>
<arg>${parsed_data}</arg>
<doc>Executes the given keyword with the given arguments.</doc>
<status status="NOT RUN" start="2024-02-28T11:51:59.697413" elapsed="0.000000"/>
</kw>
<status status="NOT RUN" start="2024-02-28T11:51:59.697413" elapsed="0.000000"/>
</branch>
<branch type="ELSE IF" condition="${end_marker}">
<kw name="Run Keyword" owner="BuiltIn">
<kw name="Extract End Marker Data">
<kw name="Get Package Name">
<kw name="Set Variable" owner="BuiltIn">
<msg time="2024-02-28T11:51:59.699653" level="INFO">${com_start} = 80</msg>
<var>${com_start}</var>
<arg>${line.find('com.')+4}</arg>
<doc>Returns the given values which can then be assigned to a variables.</doc>
<status status="PASS" start="2024-02-28T11:51:59.699653" elapsed="0.000000"/>
</kw>
<kw name="Get Substring" owner="String">
<msg time="2024-02-28T11:51:59.699653" level="INFO">${package_and_activity} = spotify.music}</msg>
<var>${package_and_activity}</var>
<arg>${line}</arg>
<arg>${com_start}</arg>
<arg>${None}</arg>
<doc>Returns a substring from ``start`` index to ``end`` index.</doc>
<status status="PASS" start="2024-02-28T11:51:59.699653" elapsed="0.000000"/>
</kw>
<kw name="Set Variable" owner="BuiltIn">
<msg time="2024-02-28T11:51:59.700781" level="INFO">${slash_index} = -1</msg>
<var>${slash_index}</var>
<arg>${package_and_activity.find('/')}</arg>
<doc>Returns the given values which can then be assigned to a variables.</doc>
<status status="PASS" start="2024-02-28T11:51:59.699653" elapsed="0.001128"/>
</kw>
<kw name="Get Substring" owner="String">
<msg time="2024-02-28T11:51:59.700781" level="INFO">${package_name} = spotify.music</msg>
<var>${package_name}</var>
<arg>${package_and_activity}</arg>
<arg>0</arg>
<arg>${slash_index}</arg>
<doc>Returns a substring from ``start`` index to ``end`` index.</doc>
<status status="PASS" start="2024-02-28T11:51:59.700781" elapsed="0.000000"/>
</kw>
<return>
<value>${package_name}</value>
<status status="PASS" start="2024-02-28T11:51:59.700781" elapsed="0.000000"/>
</return>
<msg time="2024-02-28T11:51:59.700781" level="INFO">${package_name} = spotify.music</msg>
<var>${package_name}</var>
<arg>${line}</arg>
<status status="PASS" start="2024-02-28T11:51:59.698540" elapsed="0.002241"/>
</kw>
<kw name="Fetch Time">
<kw name="Get Substring" owner="String">
<msg time="2024-02-28T11:51:59.701899" level="INFO">${time} = 17:56:58.802</msg>
<var>${time}</var>
<arg>${line}</arg>
<arg>6</arg>
<arg>18</arg>
<doc>Returns a substring from ``start`` index to ``end`` index.</doc>
<status status="PASS" start="2024-02-28T11:51:59.701899" elapsed="0.000000"/>
</kw>
<return>
<value>${time}</value>
<status status="PASS" start="2024-02-28T11:51:59.701899" elapsed="0.000000"/>
</return>
<msg time="2024-02-28T11:51:59.701899" level="INFO">${end_time} = 17:56:58.802</msg>
<var>${end_time}</var>
<arg>${line}</arg>
<status status="PASS" start="2024-02-28T11:51:59.700781" elapsed="0.001118"/>
</kw>
<kw name="Run Keyword And Return Status" owner="BuiltIn">
<kw name="Dictionary Should Contain Key" owner="Collections">
<msg time="2024-02-28T11:51:59.701899" level="INFO">False</msg>
<arg>${app_states}</arg>
<arg>${package_name}</arg>
<doc>Fails if ``key`` is not found from ``dictionary``.</doc>
<status status="PASS" start="2024-02-28T11:51:59.701899" elapsed="0.000000"/>
</kw>
<msg time="2024-02-28T11:51:59.701899" level="INFO">${app_exists} = True</msg>
<var>${app_exists}</var>
<arg>Dictionary Should Contain Key</arg>
<arg>${app_states}</arg>
<arg>${package_name}</arg>
<doc>Runs the given keyword with given arguments and returns the status as a Boolean value.</doc>
<status status="PASS" start="2024-02-28T11:51:59.701899" elapsed="0.000000"/>
</kw>
<if>
<branch type="IF" condition="${app_exists}">
<kw name="Get From Dictionary" owner="Collections">
<msg time="2024-02-28T11:51:59.703013" level="INFO">${app_info} = {'start_time': '17:56:40.793', 'end_time': ''}</msg>
<var>${app_info}</var>
<arg>${app_states}</arg>
<arg>${package_name}</arg>
<doc>Returns a value from the given ``dictionary`` based on the given ``key``.</doc>
<status status="PASS" start="2024-02-28T11:51:59.703013" elapsed="0.000000"/>
</kw>
<kw name="Set To Dictionary" owner="Collections">
<arg>${app_info}</arg>
<arg>end_time</arg>
<arg>${end_time}</arg>
<doc>Adds the given ``key_value_pairs`` and/or ``items`` to the ``dictionary``.</doc>
<status status="PASS" start="2024-02-28T11:51:59.703013" elapsed="0.000000"/>
</kw>
<kw name="Create Dictionary" owner="BuiltIn">
<msg time="2024-02-28T11:51:59.703013" level="INFO">${app_data} = {'package': 'spotify.music', 'start_time': '17:56:40.793', 'end_time': '17:56:58.802'}</msg>
<var>${app_data}</var>
<arg>package=${package_name}</arg>
<arg>start_time=${app_info}[start_time]</arg>
<arg>end_time=${end_time}</arg>
<doc>Creates and returns a dictionary based on the given ``items``.</doc>
<status status="PASS" start="2024-02-28T11:51:59.703013" elapsed="0.000000"/>
</kw>
<kw name="Append To List" owner="Collections">
<arg>${parsed_data}</arg>
<arg>${app_data}</arg>
<doc>Adds ``values`` to the end of ``list``.</doc>
<status status="PASS" start="2024-02-28T11:51:59.704125" elapsed="0.000000"/>
</kw>
<kw name="Remove From Dictionary" owner="Collections">
<msg time="2024-02-28T11:51:59.704125" level="INFO">Removed item with key 'spotify.music' and value '{'start_time': '17:56:40.793', 'end_time': '17:56:58.802'}'.</msg>
<arg>${app_states}</arg>
<arg>${package_name}</arg>
<doc>Removes the given ``keys`` from the ``dictionary``.</doc>
<status status="PASS" start="2024-02-28T11:51:59.704125" elapsed="0.000000"/>
</kw>
<status status="PASS" start="2024-02-28T11:51:59.703013" elapsed="0.001112"/>
</branch>
<branch type="ELSE">
<kw name="Log" owner="BuiltIn">
<arg>Warning: End marker found for ${package_name} without a corresponding start marker.</arg>
<doc>Logs the given message with the given level.</doc>
<status status="NOT RUN" start="2024-02-28T11:51:59.704125" elapsed="0.000000"/>
</kw>
<status status="NOT RUN" start="2024-02-28T11:51:59.704125" elapsed="0.000000"/>
</branch>
<status status="PASS" start="2024-02-28T11:51:59.703013" elapsed="0.001112"/>
</if>
<arg>${app_states}</arg>
<arg>${line}</arg>
<arg>${parsed_data}</arg>
<status status="PASS" start="2024-02-28T11:51:59.698540" elapsed="0.005585"/>
</kw>
<arg>Extract End Marker Data</arg>
<arg>${app_states}</arg>
<arg>${line}</arg>
<arg>${parsed_data}</arg>
<doc>Executes the given keyword with the given arguments.</doc>
<status status="PASS" start="2024-02-28T11:51:59.697413" elapsed="0.006712"/>
</kw>
<status status="PASS" start="2024-02-28T11:51:59.697413" elapsed="0.006712"/>
</branch>
<status status="PASS" start="2024-02-28T11:51:59.697413" elapsed="0.006712"/>
</if>
<var name="${line}">03-14 17:56:58.802  5230  5252 I Layer: Destroyed ActivityRecord{d2590bc u0 com.spotify.music}</var>
<status status="PASS" start="2024-02-28T11:51:59.696292" elapsed="0.007833"/>
</iter>
<iter>
<kw name="Run Keyword And Return Status" owner="BuiltIn">
<kw name="Should Contain" owner="BuiltIn">
<arg>${line}</arg>
<arg>ActivityTaskManager: START u0</arg>
<doc>Fails if ``container`` does not contain ``item`` one or more times.</doc>
<status status="PASS" start="2024-02-28T11:51:59.705154" elapsed="0.000000"/>
</kw>
<msg time="2024-02-28T11:51:59.705154" level="INFO">${start_marker} = True</msg>
<var>${start_marker}</var>
<arg>Should Contain</arg>
<arg>${line}</arg>
<arg>ActivityTaskManager: START u0</arg>
<doc>Runs the given keyword with given arguments and returns the status as a Boolean value.</doc>
<status status="PASS" start="2024-02-28T11:51:59.705154" elapsed="0.000000"/>
</kw>
<kw name="Run Keyword And Return Status" owner="BuiltIn">
<kw name="Should Contain" owner="BuiltIn">
<msg time="2024-02-28T11:51:59.705154" level="FAIL">'03-14 17:56:59.524  5230 10365 I ActivityTaskManager: START u0 {act=android.intent.action.MAIN cat=[android.intent.category.LAUNCHER] flg=0x10200000 cmp=com.sec.android.app.popupcalculator/.Calculator bnds=[194,1200][358,1447]} from uid 10088' does not contain 'Layer: Destroyed ActivityRecord'</msg>
<arg>${line}</arg>
<arg>Layer: Destroyed ActivityRecord</arg>
<doc>Fails if ``container`` does not contain ``item`` one or more times.</doc>
<status status="FAIL" start="2024-02-28T11:51:59.705154" elapsed="0.000000">'03-14 17:56:59.524  5230 10365 I ActivityTaskManager: START u0 {act=android.intent.action.MAIN cat=[android.intent.category.LAUNCHER] flg=0x10200000 cmp=com.sec.android.app.popupcalculator/.Calculator bnds=[194,1200][358,1447]} from uid 10088' does not contain 'Layer: Destroyed ActivityRecord'</status>
</kw>
<msg time="2024-02-28T11:51:59.705154" level="INFO">${end_marker} = False</msg>
<var>${end_marker}</var>
<arg>Should Contain</arg>
<arg>${line}</arg>
<arg>Layer: Destroyed ActivityRecord</arg>
<doc>Runs the given keyword with given arguments and returns the status as a Boolean value.</doc>
<status status="PASS" start="2024-02-28T11:51:59.705154" elapsed="0.000000"/>
</kw>
<if>
<branch type="IF" condition="${start_marker}">
<kw name="Run Keyword" owner="BuiltIn">
<kw name="Extract Start Marker Data">
<kw name="Get Package Name">
<kw name="Set Variable" owner="BuiltIn">
<msg time="2024-02-28T11:51:59.707543" level="INFO">${com_start} = 157</msg>
<var>${com_start}</var>
<arg>${line.find('com.')+4}</arg>
<doc>Returns the given values which can then be assigned to a variables.</doc>
<status status="PASS" start="2024-02-28T11:51:59.706266" elapsed="0.001277"/>
</kw>
<kw name="Get Substring" owner="String">
<msg time="2024-02-28T11:51:59.707543" level="INFO">${package_and_activity} = sec.android.app.popupcalculator/.Calculator bnds=[194,1200][358,1447]} from uid 10088</msg>
<var>${package_and_activity}</var>
<arg>${line}</arg>
<arg>${com_start}</arg>
<arg>${None}</arg>
<doc>Returns a substring from ``start`` index to ``end`` index.</doc>
<status status="PASS" start="2024-02-28T11:51:59.707543" elapsed="0.000000"/>
</kw>
<kw name="Set Variable" owner="BuiltIn">
<msg time="2024-02-28T11:51:59.708681" level="INFO">${slash_index} = 31</msg>
<var>${slash_index}</var>
<arg>${package_and_activity.find('/')}</arg>
<doc>Returns the given values which can then be assigned to a variables.</doc>
<status status="PASS" start="2024-02-28T11:51:59.707543" elapsed="0.001138"/>
</kw>
<kw name="Get Substring" owner="String">
<msg time="2024-02-28T11:51:59.708681" level="INFO">${package_name} = sec.android.app.popupcalculator</msg>
<var>${package_name}</var>
<arg>${package_and_activity}</arg>
<arg>0</arg>
<arg>${slash_index}</arg>
<doc>Returns a substring from ``start`` index to ``end`` index.</doc>
<status status="PASS" start="2024-02-28T11:51:59.708681" elapsed="0.000000"/>
</kw>
<return>
<value>${package_name}</value>
<status status="PASS" start="2024-02-28T11:51:59.708681" elapsed="0.000000"/>
</return>
<msg time="2024-02-28T11:51:59.708681" level="INFO">${package_name} = sec.android.app.popupcalculator</msg>
<var>${package_name}</var>
<arg>${line}</arg>
<status status="PASS" start="2024-02-28T11:51:59.706266" elapsed="0.002415"/>
</kw>
<kw name="Fetch Time">
<kw name="Get Substring" owner="String">
<msg time="2024-02-28T11:51:59.709796" level="INFO">${time} = 17:56:59.524</msg>
<var>${time}</var>
<arg>${line}</arg>
<arg>6</arg>
<arg>18</arg>
<doc>Returns a substring from ``start`` index to ``end`` index.</doc>
<status status="PASS" start="2024-02-28T11:51:59.709780" elapsed="0.000016"/>
</kw>
<return>
<value>${time}</value>
<status status="PASS" start="2024-02-28T11:51:59.709796" elapsed="0.000000"/>
</return>
<msg time="2024-02-28T11:51:59.709796" level="INFO">${start_time} = 17:56:59.524</msg>
<var>${start_time}</var>
<arg>${line}</arg>
<status status="PASS" start="2024-02-28T11:51:59.708681" elapsed="0.001115"/>
</kw>
<kw name="Create Dictionary" owner="BuiltIn">
<msg time="2024-02-28T11:51:59.709796" level="INFO">${app_info} = {'start_time': '17:56:59.524', 'end_time': ''}</msg>
<var>${app_info}</var>
<arg>start_time=${start_time}</arg>
<arg>end_time=${EMPTY}</arg>
<doc>Creates and returns a dictionary based on the given ``items``.</doc>
<status status="PASS" start="2024-02-28T11:51:59.709796" elapsed="0.001072"/>
</kw>
<kw name="Set To Dictionary" owner="Collections">
<arg>${app_states}</arg>
<arg>${package_name}</arg>
<arg>${app_info}</arg>
<doc>Adds the given ``key_value_pairs`` and/or ``items`` to the ``dictionary``.</doc>
<status status="PASS" start="2024-02-28T11:51:59.710908" elapsed="0.000000"/>
</kw>
<arg>${app_states}</arg>
<arg>${line}</arg>
<arg>${parsed_data}</arg>
<status status="PASS" start="2024-02-28T11:51:59.706266" elapsed="0.004642"/>
</kw>
<arg>Extract Start Marker Data</arg>
<arg>${app_states}</arg>
<arg>${line}</arg>
<arg>${parsed_data}</arg>
<doc>Executes the given keyword with the given arguments.</doc>
<status status="PASS" start="2024-02-28T11:51:59.706266" elapsed="0.004642"/>
</kw>
<status status="PASS" start="2024-02-28T11:51:59.706266" elapsed="0.004642"/>
</branch>
<branch type="ELSE IF" condition="${end_marker}">
<kw name="Run Keyword" owner="BuiltIn">
<arg>Extract End Marker Data</arg>
<arg>${app_states}</arg>
<arg>${line}</arg>
<arg>${parsed_data}</arg>
<doc>Executes the given keyword with the given arguments.</doc>
<status status="NOT RUN" start="2024-02-28T11:51:59.710908" elapsed="0.000000"/>
</kw>
<status status="NOT RUN" start="2024-02-28T11:51:59.710908" elapsed="0.000000"/>
</branch>
<status status="PASS" start="2024-02-28T11:51:59.706266" elapsed="0.004642"/>
</if>
<var name="${line}">03-14 17:56:59.524  5230 10365 I ActivityTaskManager: START u0 {act=android.intent.action.MAIN cat=[android.intent.category.LAUNCHER] flg=0x10200000 cmp=com.sec.android.app.popupcalculator/.Calculator...</var>
<status status="PASS" start="2024-02-28T11:51:59.705154" elapsed="0.005754"/>
</iter>
<iter>
<kw name="Run Keyword And Return Status" owner="BuiltIn">
<kw name="Should Contain" owner="BuiltIn">
<msg time="2024-02-28T11:51:59.712020" level="FAIL">'03-14 17:57:00.006  5230  5252 I Layer: Destroyed ActivityRecord{d2590bc u0 com.netflix.mediaclient}' does not contain 'ActivityTaskManager: START u0'</msg>
<arg>${line}</arg>
<arg>ActivityTaskManager: START u0</arg>
<doc>Fails if ``container`` does not contain ``item`` one or more times.</doc>
<status status="FAIL" start="2024-02-28T11:51:59.711980" elapsed="0.000040">'03-14 17:57:00.006  5230  5252 I Layer: Destroyed ActivityRecord{d2590bc u0 com.netflix.mediaclient}' does not contain 'ActivityTaskManager: START u0'</status>
</kw>
<msg time="2024-02-28T11:51:59.712020" level="INFO">${start_marker} = False</msg>
<var>${start_marker}</var>
<arg>Should Contain</arg>
<arg>${line}</arg>
<arg>ActivityTaskManager: START u0</arg>
<doc>Runs the given keyword with given arguments and returns the status as a Boolean value.</doc>
<status status="PASS" start="2024-02-28T11:51:59.710908" elapsed="0.001112"/>
</kw>
<kw name="Run Keyword And Return Status" owner="BuiltIn">
<kw name="Should Contain" owner="BuiltIn">
<arg>${line}</arg>
<arg>Layer: Destroyed ActivityRecord</arg>
<doc>Fails if ``container`` does not contain ``item`` one or more times.</doc>
<status status="PASS" start="2024-02-28T11:51:59.712020" elapsed="0.000000"/>
</kw>
<msg time="2024-02-28T11:51:59.712020" level="INFO">${end_marker} = True</msg>
<var>${end_marker}</var>
<arg>Should Contain</arg>
<arg>${line}</arg>
<arg>Layer: Destroyed ActivityRecord</arg>
<doc>Runs the given keyword with given arguments and returns the status as a Boolean value.</doc>
<status status="PASS" start="2024-02-28T11:51:59.712020" elapsed="0.000000"/>
</kw>
<if>
<branch type="IF" condition="${start_marker}">
<kw name="Run Keyword" owner="BuiltIn">
<arg>Extract Start Marker Data</arg>
<arg>${app_states}</arg>
<arg>${line}</arg>
<arg>${parsed_data}</arg>
<doc>Executes the given keyword with the given arguments.</doc>
<status status="NOT RUN" start="2024-02-28T11:51:59.712020" elapsed="0.000000"/>
</kw>
<status status="NOT RUN" start="2024-02-28T11:51:59.712020" elapsed="0.001072"/>
</branch>
<branch type="ELSE IF" condition="${end_marker}">
<kw name="Run Keyword" owner="BuiltIn">
<kw name="Extract End Marker Data">
<kw name="Get Package Name">
<kw name="Set Variable" owner="BuiltIn">
<msg time="2024-02-28T11:51:59.714247" level="INFO">${com_start} = 80</msg>
<var>${com_start}</var>
<arg>${line.find('com.')+4}</arg>
<doc>Returns the given values which can then be assigned to a variables.</doc>
<status status="PASS" start="2024-02-28T11:51:59.713133" elapsed="0.001114"/>
</kw>
<kw name="Get Substring" owner="String">
<msg time="2024-02-28T11:51:59.714247" level="INFO">${package_and_activity} = netflix.mediaclient}</msg>
<var>${package_and_activity}</var>
<arg>${line}</arg>
<arg>${com_start}</arg>
<arg>${None}</arg>
<doc>Returns a substring from ``start`` index to ``end`` index.</doc>
<status status="PASS" start="2024-02-28T11:51:59.714247" elapsed="0.000000"/>
</kw>
<kw name="Set Variable" owner="BuiltIn">
<msg time="2024-02-28T11:51:59.715366" level="INFO">${slash_index} = -1</msg>
<var>${slash_index}</var>
<arg>${package_and_activity.find('/')}</arg>
<doc>Returns the given values which can then be assigned to a variables.</doc>
<status status="PASS" start="2024-02-28T11:51:59.714247" elapsed="0.001119"/>
</kw>
<kw name="Get Substring" owner="String">
<msg time="2024-02-28T11:51:59.715366" level="INFO">${package_name} = netflix.mediaclient</msg>
<var>${package_name}</var>
<arg>${package_and_activity}</arg>
<arg>0</arg>
<arg>${slash_index}</arg>
<doc>Returns a substring from ``start`` index to ``end`` index.</doc>
<status status="PASS" start="2024-02-28T11:51:59.715366" elapsed="0.000000"/>
</kw>
<return>
<value>${package_name}</value>
<status status="PASS" start="2024-02-28T11:51:59.715366" elapsed="0.000000"/>
</return>
<msg time="2024-02-28T11:51:59.715366" level="INFO">${package_name} = netflix.mediaclient</msg>
<var>${package_name}</var>
<arg>${line}</arg>
<status status="PASS" start="2024-02-28T11:51:59.713133" elapsed="0.002233"/>
</kw>
<kw name="Fetch Time">
<kw name="Get Substring" owner="String">
<msg time="2024-02-28T11:51:59.716426" level="INFO">${time} = 17:57:00.006</msg>
<var>${time}</var>
<arg>${line}</arg>
<arg>6</arg>
<arg>18</arg>
<doc>Returns a substring from ``start`` index to ``end`` index.</doc>
<status status="PASS" start="2024-02-28T11:51:59.716426" elapsed="0.000000"/>
</kw>
<return>
<value>${time}</value>
<status status="PASS" start="2024-02-28T11:51:59.716426" elapsed="0.000000"/>
</return>
<msg time="2024-02-28T11:51:59.716426" level="INFO">${end_time} = 17:57:00.006</msg>
<var>${end_time}</var>
<arg>${line}</arg>
<status status="PASS" start="2024-02-28T11:51:59.716366" elapsed="0.000060"/>
</kw>
<kw name="Run Keyword And Return Status" owner="BuiltIn">
<kw name="Dictionary Should Contain Key" owner="Collections">
<msg time="2024-02-28T11:51:59.717502" level="INFO">False</msg>
<arg>${app_states}</arg>
<arg>${package_name}</arg>
<doc>Fails if ``key`` is not found from ``dictionary``.</doc>
<status status="PASS" start="2024-02-28T11:51:59.716426" elapsed="0.001116"/>
</kw>
<msg time="2024-02-28T11:51:59.717542" level="INFO">${app_exists} = True</msg>
<var>${app_exists}</var>
<arg>Dictionary Should Contain Key</arg>
<arg>${app_states}</arg>
<arg>${package_name}</arg>
<doc>Runs the given keyword with given arguments and returns the status as a Boolean value.</doc>
<status status="PASS" start="2024-02-28T11:51:59.716426" elapsed="0.001116"/>
</kw>
<if>
<branch type="IF" condition="${app_exists}">
<kw name="Get From Dictionary" owner="Collections">
<msg time="2024-02-28T11:51:59.717542" level="INFO">${app_info} = {'start_time': '17:56:29.534', 'end_time': ''}</msg>
<var>${app_info}</var>
<arg>${app_states}</arg>
<arg>${package_name}</arg>
<doc>Returns a value from the given ``dictionary`` based on the given ``key``.</doc>
<status status="PASS" start="2024-02-28T11:51:59.717542" elapsed="0.000000"/>
</kw>
<kw name="Set To Dictionary" owner="Collections">
<arg>${app_info}</arg>
<arg>end_time</arg>
<arg>${end_time}</arg>
<doc>Adds the given ``key_value_pairs`` and/or ``items`` to the ``dictionary``.</doc>
<status status="PASS" start="2024-02-28T11:51:59.717542" elapsed="0.000000"/>
</kw>
<kw name="Create Dictionary" owner="BuiltIn">
<msg time="2024-02-28T11:51:59.718667" level="INFO">${app_data} = {'package': 'netflix.mediaclient', 'start_time': '17:56:29.534', 'end_time': '17:57:00.006'}</msg>
<var>${app_data}</var>
<arg>package=${package_name}</arg>
<arg>start_time=${app_info}[start_time]</arg>
<arg>end_time=${end_time}</arg>
<doc>Creates and returns a dictionary based on the given ``items``.</doc>
<status status="PASS" start="2024-02-28T11:51:59.718623" elapsed="0.000044"/>
</kw>
<kw name="Append To List" owner="Collections">
<arg>${parsed_data}</arg>
<arg>${app_data}</arg>
<doc>Adds ``values`` to the end of ``list``.</doc>
<status status="PASS" start="2024-02-28T11:51:59.718667" elapsed="0.000000"/>
</kw>
<kw name="Remove From Dictionary" owner="Collections">
<msg time="2024-02-28T11:51:59.718667" level="INFO">Removed item with key 'netflix.mediaclient' and value '{'start_time': '17:56:29.534', 'end_time': '17:57:00.006'}'.</msg>
<arg>${app_states}</arg>
<arg>${package_name}</arg>
<doc>Removes the given ``keys`` from the ``dictionary``.</doc>
<status status="PASS" start="2024-02-28T11:51:59.718667" elapsed="0.000000"/>
</kw>
<status status="PASS" start="2024-02-28T11:51:59.717542" elapsed="0.001125"/>
</branch>
<branch type="ELSE">
<kw name="Log" owner="BuiltIn">
<arg>Warning: End marker found for ${package_name} without a corresponding start marker.</arg>
<doc>Logs the given message with the given level.</doc>
<status status="NOT RUN" start="2024-02-28T11:51:59.718667" elapsed="0.000000"/>
</kw>
<status status="NOT RUN" start="2024-02-28T11:51:59.718667" elapsed="0.000000"/>
</branch>
<status status="PASS" start="2024-02-28T11:51:59.717542" elapsed="0.002240"/>
</if>
<arg>${app_states}</arg>
<arg>${line}</arg>
<arg>${parsed_data}</arg>
<status status="PASS" start="2024-02-28T11:51:59.713133" elapsed="0.006649"/>
</kw>
<arg>Extract End Marker Data</arg>
<arg>${app_states}</arg>
<arg>${line}</arg>
<arg>${parsed_data}</arg>
<doc>Executes the given keyword with the given arguments.</doc>
<status status="PASS" start="2024-02-28T11:51:59.713133" elapsed="0.006649"/>
</kw>
<status status="PASS" start="2024-02-28T11:51:59.713116" elapsed="0.006666"/>
</branch>
<status status="PASS" start="2024-02-28T11:51:59.712020" elapsed="0.007762"/>
</if>
<var name="${line}">03-14 17:57:00.006  5230  5252 I Layer: Destroyed ActivityRecord{d2590bc u0 com.netflix.mediaclient}</var>
<status status="PASS" start="2024-02-28T11:51:59.710908" elapsed="0.008874"/>
</iter>
<iter>
<kw name="Run Keyword And Return Status" owner="BuiltIn">
<kw name="Should Contain" owner="BuiltIn">
<arg>${line}</arg>
<arg>ActivityTaskManager: START u0</arg>
<doc>Fails if ``container`` does not contain ``item`` one or more times.</doc>
<status status="PASS" start="2024-02-28T11:51:59.719782" elapsed="0.000000"/>
</kw>
<msg time="2024-02-28T11:51:59.719782" level="INFO">${start_marker} = True</msg>
<var>${start_marker}</var>
<arg>Should Contain</arg>
<arg>${line}</arg>
<arg>ActivityTaskManager: START u0</arg>
<doc>Runs the given keyword with given arguments and returns the status as a Boolean value.</doc>
<status status="PASS" start="2024-02-28T11:51:59.719782" elapsed="0.000000"/>
</kw>
<kw name="Run Keyword And Return Status" owner="BuiltIn">
<kw name="Should Contain" owner="BuiltIn">
<msg time="2024-02-28T11:51:59.720897" level="FAIL">'03-14 17:57:16.608  5230  7327 I ActivityTaskManager: START u0 {act=android.intent.action.MAIN cat=[android.intent.category.LAUNCHER] flg=0x10200000 cmp=com.sec.android.app.clockpackage/.ClockPackage bnds=[194,949][358,1196]} from uid 10088' does not contain 'Layer: Destroyed ActivityRecord'</msg>
<arg>${line}</arg>
<arg>Layer: Destroyed ActivityRecord</arg>
<doc>Fails if ``container`` does not contain ``item`` one or more times.</doc>
<status status="FAIL" start="2024-02-28T11:51:59.720855" elapsed="0.000042">'03-14 17:57:16.608  5230  7327 I ActivityTaskManager: START u0 {act=android.intent.action.MAIN cat=[android.intent.category.LAUNCHER] flg=0x10200000 cmp=com.sec.android.app.clockpackage/.ClockPackage bnds=[194,949][358,1196]} from uid 10088' does not contain 'Layer: Destroyed ActivityRecord'</status>
</kw>
<msg time="2024-02-28T11:51:59.720897" level="INFO">${end_marker} = False</msg>
<var>${end_marker}</var>
<arg>Should Contain</arg>
<arg>${line}</arg>
<arg>Layer: Destroyed ActivityRecord</arg>
<doc>Runs the given keyword with given arguments and returns the status as a Boolean value.</doc>
<status status="PASS" start="2024-02-28T11:51:59.719782" elapsed="0.001115"/>
</kw>
<if>
<branch type="IF" condition="${start_marker}">
<kw name="Run Keyword" owner="BuiltIn">
<kw name="Extract Start Marker Data">
<kw name="Get Package Name">
<kw name="Set Variable" owner="BuiltIn">
<msg time="2024-02-28T11:51:59.721964" level="INFO">${com_start} = 157</msg>
<var>${com_start}</var>
<arg>${line.find('com.')+4}</arg>
<doc>Returns the given values which can then be assigned to a variables.</doc>
<status status="PASS" start="2024-02-28T11:51:59.721964" elapsed="0.000000"/>
</kw>
<kw name="Get Substring" owner="String">
<msg time="2024-02-28T11:51:59.721964" level="INFO">${package_and_activity} = sec.android.app.clockpackage/.ClockPackage bnds=[194,949][358,1196]} from uid 10088</msg>
<var>${package_and_activity}</var>
<arg>${line}</arg>
<arg>${com_start}</arg>
<arg>${None}</arg>
<doc>Returns a substring from ``start`` index to ``end`` index.</doc>
<status status="PASS" start="2024-02-28T11:51:59.721964" elapsed="0.000000"/>
</kw>
<kw name="Set Variable" owner="BuiltIn">
<msg time="2024-02-28T11:51:59.723084" level="INFO">${slash_index} = 28</msg>
<var>${slash_index}</var>
<arg>${package_and_activity.find('/')}</arg>
<doc>Returns the given values which can then be assigned to a variables.</doc>
<status status="PASS" start="2024-02-28T11:51:59.723084" elapsed="0.000000"/>
</kw>
<kw name="Get Substring" owner="String">
<msg time="2024-02-28T11:51:59.723084" level="INFO">${package_name} = sec.android.app.clockpackage</msg>
<var>${package_name}</var>
<arg>${package_and_activity}</arg>
<arg>0</arg>
<arg>${slash_index}</arg>
<doc>Returns a substring from ``start`` index to ``end`` index.</doc>
<status status="PASS" start="2024-02-28T11:51:59.723084" elapsed="0.000000"/>
</kw>
<return>
<value>${package_name}</value>
<status status="PASS" start="2024-02-28T11:51:59.723084" elapsed="0.000000"/>
</return>
<msg time="2024-02-28T11:51:59.723084" level="INFO">${package_name} = sec.android.app.clockpackage</msg>
<var>${package_name}</var>
<arg>${line}</arg>
<status status="PASS" start="2024-02-28T11:51:59.720897" elapsed="0.002187"/>
</kw>
<kw name="Fetch Time">
<kw name="Get Substring" owner="String">
<msg time="2024-02-28T11:51:59.724216" level="INFO">${time} = 17:57:16.608</msg>
<var>${time}</var>
<arg>${line}</arg>
<arg>6</arg>
<arg>18</arg>
<doc>Returns a substring from ``start`` index to ``end`` index.</doc>
<status status="PASS" start="2024-02-28T11:51:59.724216" elapsed="0.000000"/>
</kw>
<return>
<value>${time}</value>
<status status="PASS" start="2024-02-28T11:51:59.724216" elapsed="0.000000"/>
</return>
<msg time="2024-02-28T11:51:59.724216" level="INFO">${start_time} = 17:57:16.608</msg>
<var>${start_time}</var>
<arg>${line}</arg>
<status status="PASS" start="2024-02-28T11:51:59.724189" elapsed="0.000027"/>
</kw>
<kw name="Create Dictionary" owner="BuiltIn">
<msg time="2024-02-28T11:51:59.725329" level="INFO">${app_info} = {'start_time': '17:57:16.608', 'end_time': ''}</msg>
<var>${app_info}</var>
<arg>start_time=${start_time}</arg>
<arg>end_time=${EMPTY}</arg>
<doc>Creates and returns a dictionary based on the given ``items``.</doc>
<status status="PASS" start="2024-02-28T11:51:59.724216" elapsed="0.001113"/>
</kw>
<kw name="Set To Dictionary" owner="Collections">
<arg>${app_states}</arg>
<arg>${package_name}</arg>
<arg>${app_info}</arg>
<doc>Adds the given ``key_value_pairs`` and/or ``items`` to the ``dictionary``.</doc>
<status status="PASS" start="2024-02-28T11:51:59.725329" elapsed="0.000000"/>
</kw>
<arg>${app_states}</arg>
<arg>${line}</arg>
<arg>${parsed_data}</arg>
<status status="PASS" start="2024-02-28T11:51:59.720897" elapsed="0.004432"/>
</kw>
<arg>Extract Start Marker Data</arg>
<arg>${app_states}</arg>
<arg>${line}</arg>
<arg>${parsed_data}</arg>
<doc>Executes the given keyword with the given arguments.</doc>
<status status="PASS" start="2024-02-28T11:51:59.720897" elapsed="0.004432"/>
</kw>
<status status="PASS" start="2024-02-28T11:51:59.720897" elapsed="0.004432"/>
</branch>
<branch type="ELSE IF" condition="${end_marker}">
<kw name="Run Keyword" owner="BuiltIn">
<arg>Extract End Marker Data</arg>
<arg>${app_states}</arg>
<arg>${line}</arg>
<arg>${parsed_data}</arg>
<doc>Executes the given keyword with the given arguments.</doc>
<status status="NOT RUN" start="2024-02-28T11:51:59.725329" elapsed="0.000000"/>
</kw>
<status status="NOT RUN" start="2024-02-28T11:51:59.725329" elapsed="0.000000"/>
</branch>
<status status="PASS" start="2024-02-28T11:51:59.720897" elapsed="0.004432"/>
</if>
<var name="${line}">03-14 17:57:16.608  5230  7327 I ActivityTaskManager: START u0 {act=android.intent.action.MAIN cat=[android.intent.category.LAUNCHER] flg=0x10200000 cmp=com.sec.android.app.clockpackage/.ClockPackage ...</var>
<status status="PASS" start="2024-02-28T11:51:59.719782" elapsed="0.005547"/>
</iter>
<iter>
<kw name="Run Keyword And Return Status" owner="BuiltIn">
<kw name="Should Contain" owner="BuiltIn">
[...]
<arg>${lifespan}\n</arg>
<doc>Returns the given values which can then be assigned to a variables.</doc>
<status status="PASS" start="2024-02-28T11:51:59.821121" elapsed="0.001069"/>
</kw>
<kw name="Set Variable" owner="BuiltIn">
<msg time="2024-02-28T11:51:59.822190" level="INFO">${output} = applications:
['- application_1\n', '- app_path:', 'sec.android.app.camera\n', '- ts_app_started: None\n', '- ts_app_closed:', 'None\n', '- lifespan:', '23.378000000000156s\n']
['- application_2\n', '...</msg>
<var>${output}</var>
<arg>${output}${app_output}\n</arg>
<doc>Returns the given values which can then be assigned to a variables.</doc>
<status status="PASS" start="2024-02-28T11:51:59.822190" elapsed="0.000000"/>
</kw>
<kw name="Evaluate" owner="BuiltIn">
<msg time="2024-02-28T11:51:59.822190" level="INFO">${index} = 3</msg>
<var>${index}</var>
<arg>${index} + 1</arg>
<doc>Evaluates the given expression in Python and returns the result.</doc>
<status status="PASS" start="2024-02-28T11:51:59.822190" elapsed="0.000000"/>
</kw>
<var name="${app}">{'package': 'android.vending', 'lifespan': 15.461999999999989}</var>
<status status="PASS" start="2024-02-28T11:51:59.818883" elapsed="0.003307"/>
</iter>
<iter>
<kw name="Set Variable" owner="BuiltIn">
<msg time="2024-02-28T11:51:59.823302" level="INFO">${package} = spotify.music</msg>
<var>${package}</var>
<arg>${app.get('package', 'N/A')}</arg>
<doc>Returns the given values which can then be assigned to a variables.</doc>
<status status="PASS" start="2024-02-28T11:51:59.822190" elapsed="0.001112"/>
</kw>
<kw name="Set Variable" owner="BuiltIn">
<msg time="2024-02-28T11:51:59.823302" level="INFO">${start_time} = None</msg>
<var>${start_time}</var>
<arg>${app.get('start_time')}</arg>
<doc>Returns the given values which can then be assigned to a variables.</doc>
<status status="PASS" start="2024-02-28T11:51:59.823302" elapsed="0.000000"/>
</kw>
<kw name="Set Variable" owner="BuiltIn">
<msg time="2024-02-28T11:51:59.824423" level="INFO">${end_time} = None</msg>
<var>${end_time}</var>
<arg>${app.get('end_time')}</arg>
<doc>Returns the given values which can then be assigned to a variables.</doc>
<status status="PASS" start="2024-02-28T11:51:59.823302" elapsed="0.001121"/>
</kw>
<kw name="Set Variable" owner="BuiltIn">
<msg time="2024-02-28T11:51:59.824423" level="INFO">${lifespan} = 18.009000000000015s</msg>
<var>${lifespan}</var>
<arg>${app.get('lifespan', 'N/A')}s</arg>
<doc>Returns the given values which can then be assigned to a variables.</doc>
<status status="PASS" start="2024-02-28T11:51:59.824423" elapsed="0.000000"/>
</kw>
<kw name="Set Variable" owner="BuiltIn">
<msg time="2024-02-28T11:51:59.825539" level="INFO">${app_output} = ['- application_3\n', '- app_path:', 'spotify.music\n', '- ts_app_started: None\n', '- ts_app_closed:', 'None\n', '- lifespan:', '18.009000000000015s\n']</msg>
<var>${app_output}</var>
<arg>- application_${index}\n</arg>
<arg>- app_path:</arg>
<arg>${package}\n</arg>
<arg>- ts_app_started: ${start_time}\n</arg>
<arg>- ts_app_closed:</arg>
<arg>${end_time}\n</arg>
<arg>- lifespan:</arg>
<arg>${lifespan}\n</arg>
<doc>Returns the given values which can then be assigned to a variables.</doc>
<status status="PASS" start="2024-02-28T11:51:59.824423" elapsed="0.001116"/>
</kw>
<kw name="Set Variable" owner="BuiltIn">
<msg time="2024-02-28T11:51:59.825539" level="INFO">${output} = applications:
['- application_1\n', '- app_path:', 'sec.android.app.camera\n', '- ts_app_started: None\n', '- ts_app_closed:', 'None\n', '- lifespan:', '23.378000000000156s\n']
['- application_2\n', '...</msg>
<var>${output}</var>
<arg>${output}${app_output}\n</arg>
<doc>Returns the given values which can then be assigned to a variables.</doc>
<status status="PASS" start="2024-02-28T11:51:59.825539" elapsed="0.000000"/>
</kw>
<kw name="Evaluate" owner="BuiltIn">
<msg time="2024-02-28T11:51:59.825539" level="INFO">${index} = 4</msg>
<var>${index}</var>
<arg>${index} + 1</arg>
<doc>Evaluates the given expression in Python and returns the result.</doc>
<status status="PASS" start="2024-02-28T11:51:59.825539" elapsed="0.000000"/>
</kw>
<var name="${app}">{'package': 'spotify.music', 'lifespan': 18.009000000000015}</var>
<status status="PASS" start="2024-02-28T11:51:59.822190" elapsed="0.003349"/>
</iter>
<iter>
<kw name="Set Variable" owner="BuiltIn">
<msg time="2024-02-28T11:51:59.826654" level="INFO">${package} = netflix.mediaclient</msg>
<var>${package}</var>
<arg>${app.get('package', 'N/A')}</arg>
<doc>Returns the given values which can then be assigned to a variables.</doc>
<status status="PASS" start="2024-02-28T11:51:59.826654" elapsed="0.000000"/>
</kw>
<kw name="Set Variable" owner="BuiltIn">
<msg time="2024-02-28T11:51:59.826654" level="INFO">${start_time} = None</msg>
<var>${start_time}</var>
<arg>${app.get('start_time')}</arg>
<doc>Returns the given values which can then be assigned to a variables.</doc>
<status status="PASS" start="2024-02-28T11:51:59.826654" elapsed="0.001075"/>
</kw>
<kw name="Set Variable" owner="BuiltIn">
<msg time="2024-02-28T11:51:59.827779" level="INFO">${end_time} = None</msg>
<var>${end_time}</var>
<arg>${app.get('end_time')}</arg>
<doc>Returns the given values which can then be assigned to a variables.</doc>
<status status="PASS" start="2024-02-28T11:51:59.827779" elapsed="0.000000"/>
</kw>
<kw name="Set Variable" owner="BuiltIn">
<msg time="2024-02-28T11:51:59.828895" level="INFO">${lifespan} = 30.471999999999753s</msg>
<var>${lifespan}</var>
<arg>${app.get('lifespan', 'N/A')}s</arg>
<doc>Returns the given values which can then be assigned to a variables.</doc>
<status status="PASS" start="2024-02-28T11:51:59.827779" elapsed="0.001116"/>
</kw>
<kw name="Set Variable" owner="BuiltIn">
<msg time="2024-02-28T11:51:59.828895" level="INFO">${app_output} = ['- application_4\n', '- app_path:', 'netflix.mediaclient\n', '- ts_app_started: None\n', '- ts_app_closed:', 'None\n', '- lifespan:', '30.471999999999753s\n']</msg>
<var>${app_output}</var>
<arg>- application_${index}\n</arg>
<arg>- app_path:</arg>
<arg>${package}\n</arg>
<arg>- ts_app_started: ${start_time}\n</arg>
<arg>- ts_app_closed:</arg>
<arg>${end_time}\n</arg>
<arg>- lifespan:</arg>
<arg>${lifespan}\n</arg>
<doc>Returns the given values which can then be assigned to a variables.</doc>
<status status="PASS" start="2024-02-28T11:51:59.828895" elapsed="0.000000"/>
</kw>
<kw name="Set Variable" owner="BuiltIn">
<msg time="2024-02-28T11:51:59.828895" level="INFO">${output} = applications:
['- application_1\n', '- app_path:', 'sec.android.app.camera\n', '- ts_app_started: None\n', '- ts_app_closed:', 'None\n', '- lifespan:', '23.378000000000156s\n']
['- application_2\n', '...</msg>
<var>${output}</var>
<arg>${output}${app_output}\n</arg>
<doc>Returns the given values which can then be assigned to a variables.</doc>
<status status="PASS" start="2024-02-28T11:51:59.828895" elapsed="0.000000"/>
</kw>
<kw name="Evaluate" owner="BuiltIn">
<msg time="2024-02-28T11:51:59.830011" level="INFO">${index} = 5</msg>
<var>${index}</var>
<arg>${index} + 1</arg>
<doc>Evaluates the given expression in Python and returns the result.</doc>
<status status="PASS" start="2024-02-28T11:51:59.828895" elapsed="0.001116"/>
</kw>
<var name="${app}">{'package': 'netflix.mediaclient', 'lifespan': 30.471999999999753}</var>
<status status="PASS" start="2024-02-28T11:51:59.826611" elapsed="0.003400"/>
</iter>
<iter>
<kw name="Set Variable" owner="BuiltIn">
<msg time="2024-02-28T11:51:59.830011" level="INFO">${package} = sec.android.app.popupcalculator</msg>
<var>${package}</var>
<arg>${app.get('package', 'N/A')}</arg>
<doc>Returns the given values which can then be assigned to a variables.</doc>
<status status="PASS" start="2024-02-28T11:51:59.830011" elapsed="0.000000"/>
</kw>
<kw name="Set Variable" owner="BuiltIn">
<msg time="2024-02-28T11:51:59.831146" level="INFO">${start_time} = None</msg>
<var>${start_time}</var>
<arg>${app.get('start_time')}</arg>
<doc>Returns the given values which can then be assigned to a variables.</doc>
<status status="PASS" start="2024-02-28T11:51:59.830011" elapsed="0.001135"/>
</kw>
<kw name="Set Variable" owner="BuiltIn">
<msg time="2024-02-28T11:51:59.832176" level="INFO">${end_time} = None</msg>
<var>${end_time}</var>
<arg>${app.get('end_time')}</arg>
<doc>Returns the given values which can then be assigned to a variables.</doc>
<status status="PASS" start="2024-02-28T11:51:59.831146" elapsed="0.001030"/>
</kw>
<kw name="Set Variable" owner="BuiltIn">
<msg time="2024-02-28T11:51:59.832176" level="INFO">${lifespan} = 25.67599999999993s</msg>
<var>${lifespan}</var>
<arg>${app.get('lifespan', 'N/A')}s</arg>
<doc>Returns the given values which can then be assigned to a variables.</doc>
<status status="PASS" start="2024-02-28T11:51:59.832176" elapsed="0.000000"/>
</kw>
<kw name="Set Variable" owner="BuiltIn">
<msg time="2024-02-28T11:51:59.833199" level="INFO">${app_output} = ['- application_5\n', '- app_path:', 'sec.android.app.popupcalculator\n', '- ts_app_started: None\n', '- ts_app_closed:', 'None\n', '- lifespan:', '25.67599999999993s\n']</msg>
<var>${app_output}</var>
<arg>- application_${index}\n</arg>
<arg>- app_path:</arg>
<arg>${package}\n</arg>
<arg>- ts_app_started: ${start_time}\n</arg>
<arg>- ts_app_closed:</arg>
<arg>${end_time}\n</arg>
<arg>- lifespan:</arg>
<arg>${lifespan}\n</arg>
<doc>Returns the given values which can then be assigned to a variables.</doc>
<status status="PASS" start="2024-02-28T11:51:59.832176" elapsed="0.001023"/>
</kw>
<kw name="Set Variable" owner="BuiltIn">
<msg time="2024-02-28T11:51:59.833199" level="INFO">${output} = applications:
['- application_1\n', '- app_path:', 'sec.android.app.camera\n', '- ts_app_started: None\n', '- ts_app_closed:', 'None\n', '- lifespan:', '23.378000000000156s\n']
['- application_2\n', '...</msg>
<var>${output}</var>
<arg>${output}${app_output}\n</arg>
<doc>Returns the given values which can then be assigned to a variables.</doc>
<status status="PASS" start="2024-02-28T11:51:59.833199" elapsed="0.000000"/>
</kw>
<kw name="Evaluate" owner="BuiltIn">
<msg time="2024-02-28T11:51:59.833199" level="INFO">${index} = 6</msg>
<var>${index}</var>
<arg>${index} + 1</arg>
<doc>Evaluates the given expression in Python and returns the result.</doc>
<status status="PASS" start="2024-02-28T11:51:59.833199" elapsed="0.000000"/>
</kw>
<var name="${app}">{'package': 'sec.android.app.popupcalculator', 'lifespan': 25.67599999999993}</var>
<status status="PASS" start="2024-02-28T11:51:59.830011" elapsed="0.004211"/>
</iter>
<iter>
<kw name="Set Variable" owner="BuiltIn">
<msg time="2024-02-28T11:51:59.834222" level="INFO">${package} = sec.android.app.clockpackage</msg>
<var>${package}</var>
<arg>${app.get('package', 'N/A')}</arg>
<doc>Returns the given values which can then be assigned to a variables.</doc>
<status status="PASS" start="2024-02-28T11:51:59.834222" elapsed="0.000000"/>
</kw>
<kw name="Set Variable" owner="BuiltIn">
<msg time="2024-02-28T11:51:59.835343" level="INFO">${start_time} = None</msg>
<var>${start_time}</var>
<arg>${app.get('start_time')}</arg>
<doc>Returns the given values which can then be assigned to a variables.</doc>
<status status="PASS" start="2024-02-28T11:51:59.834222" elapsed="0.001121"/>
</kw>
<kw name="Set Variable" owner="BuiltIn">
<msg time="2024-02-28T11:51:59.835343" level="INFO">${end_time} = None</msg>
<var>${end_time}</var>
<arg>${app.get('end_time')}</arg>
<doc>Returns the given values which can then be assigned to a variables.</doc>
<status status="PASS" start="2024-02-28T11:51:59.835343" elapsed="0.000000"/>
</kw>
<kw name="Set Variable" owner="BuiltIn">
<msg time="2024-02-28T11:51:59.836459" level="INFO">${lifespan} = 43.297999999999774s</msg>
<var>${lifespan}</var>
<arg>${app.get('lifespan', 'N/A')}s</arg>
<doc>Returns the given values which can then be assigned to a variables.</doc>
<status status="PASS" start="2024-02-28T11:51:59.836459" elapsed="0.000000"/>
</kw>
<kw name="Set Variable" owner="BuiltIn">
<msg time="2024-02-28T11:51:59.837523" level="INFO">${app_output} = ['- application_6\n', '- app_path:', 'sec.android.app.clockpackage\n', '- ts_app_started: None\n', '- ts_app_closed:', 'None\n', '- lifespan:', '43.297999999999774s\n']</msg>
<var>${app_output}</var>
<arg>- application_${index}\n</arg>
<arg>- app_path:</arg>
<arg>${package}\n</arg>
<arg>- ts_app_started: ${start_time}\n</arg>
<arg>- ts_app_closed:</arg>
<arg>${end_time}\n</arg>
<arg>- lifespan:</arg>
<arg>${lifespan}\n</arg>
<doc>Returns the given values which can then be assigned to a variables.</doc>
<status status="PASS" start="2024-02-28T11:51:59.836459" elapsed="0.001064"/>
</kw>
<kw name="Set Variable" owner="BuiltIn">
<msg time="2024-02-28T11:51:59.837523" level="INFO">${output} = applications:
['- application_1\n', '- app_path:', 'sec.android.app.camera\n', '- ts_app_started: None\n', '- ts_app_closed:', 'None\n', '- lifespan:', '23.378000000000156s\n']
['- application_2\n', '...</msg>
<var>${output}</var>
<arg>${output}${app_output}\n</arg>
<doc>Returns the given values which can then be assigned to a variables.</doc>
<status status="PASS" start="2024-02-28T11:51:59.837523" elapsed="0.000000"/>
</kw>
<kw name="Evaluate" owner="BuiltIn">
<msg time="2024-02-28T11:51:59.837523" level="INFO">${index} = 7</msg>
<var>${index}</var>
<arg>${index} + 1</arg>
<doc>Evaluates the given expression in Python and returns the result.</doc>
<status status="PASS" start="2024-02-28T11:51:59.837523" elapsed="0.000000"/>
</kw>
<var name="${app}">{'package': 'sec.android.app.clockpackage', 'lifespan': 43.297999999999774}</var>
<status status="PASS" start="2024-02-28T11:51:59.834222" elapsed="0.003301"/>
</iter>
<var>${app}</var>
<value>@{data}</value>
<status status="PASS" start="2024-02-28T11:51:59.814509" elapsed="0.023014"/>
</for>
<kw name="Create File" owner="OperatingSystem">
<msg time="2024-02-28T11:51:59.840743" level="INFO" html="true">Created file '&lt;a href="file://C:\Users\cpopescu\GitHub\CatalinGP\Internship\Robotframework\output.yml"&gt;C:\Users\cpopescu\GitHub\CatalinGP\Internship\Robotframework\output.yml&lt;/a&gt;'.</msg>
<arg>${filename}</arg>
<arg>${output}</arg>
<doc>Creates a file with the given content and encoding.</doc>
<status status="PASS" start="2024-02-28T11:51:59.838585" elapsed="0.002158"/>
</kw>
<arg>${lifespans}</arg>
<arg>${OUTPUT_FILE}</arg>
<status status="PASS" start="2024-02-28T11:51:59.814509" elapsed="0.026234"/>
</kw>
<kw name="Generate Test Verdict">
<kw name="Get Length" owner="BuiltIn">
<msg time="2024-02-28T11:51:59.841869" level="INFO">Length is 6.</msg>
<msg time="2024-02-28T11:51:59.841869" level="INFO">${total_apps} = 6</msg>
<var>${total_apps}</var>
<arg>${data}</arg>
<doc>Returns and logs the length of the given item as an integer.</doc>
<status status="PASS" start="2024-02-28T11:51:59.841869" elapsed="0.000000"/>
</kw>
<if>
<branch type="IF" condition="${total_apps} == 0">
<kw name="Log" owner="BuiltIn">
<arg>No applications analyzed. Test INCONCLUSIVE.</arg>
<doc>Logs the given message with the given level.</doc>
<status status="NOT RUN" start="2024-02-28T11:51:59.841869" elapsed="0.000000"/>
</kw>
<status status="NOT RUN" start="2024-02-28T11:51:59.841869" elapsed="0.000000"/>
</branch>
<branch type="ELSE">
<kw name="Evaluate" owner="BuiltIn">
<msg time="2024-02-28T11:51:59.842997" level="INFO">${apps_below_threshold} = 4</msg>
<var>${apps_below_threshold}</var>
<arg>len([app for app in ${data} if app['lifespan'] &lt; 30])</arg>
<doc>Evaluates the given expression in Python and returns the result.</doc>
<status status="PASS" start="2024-02-28T11:51:59.841869" elapsed="0.001128"/>
</kw>
<kw name="Evaluate" owner="BuiltIn">
<msg time="2024-02-28T11:51:59.842997" level="INFO">${percentage_below_threshold} = 66.66666666666667</msg>
<var>${percentage_below_threshold}</var>
<arg>100.0 * ${apps_below_threshold} / ${total_apps}</arg>
<doc>Evaluates the given expression in Python and returns the result.</doc>
<status status="PASS" start="2024-02-28T11:51:59.842997" elapsed="0.000000"/>
</kw>
<kw name="Evaluate" owner="BuiltIn">
<msg time="2024-02-28T11:51:59.842997" level="INFO">${apps_above_threshold} = [{'package': 'netflix.mediaclient', 'lifespan': 30.471999999999753}, {'package': 'sec.android.app.clockpackage', 'lifespan': 43.297999999999774}]</msg>
<var>${apps_above_threshold}</var>
<arg>[app for app in ${data} if app['lifespan'] &gt; 30]</arg>
<doc>Evaluates the given expression in Python and returns the result.</doc>
<status status="PASS" start="2024-02-28T11:51:59.842997" elapsed="0.000000"/>
</kw>
<for flavor="IN">
<iter>
<kw name="Log" owner="BuiltIn">
<msg time="2024-02-28T11:51:59.844116" level="INFO">Warning: netflix.mediaclient was opened for more than 30 seconds. Lifespan: 30.471999999999753 seconds.</msg>
<arg>Warning: ${app['package']} was opened for more than 30 seconds. Lifespan: ${app['lifespan']} seconds.</arg>
<doc>Logs the given message with the given level.</doc>
<status status="PASS" start="2024-02-28T11:51:59.844116" elapsed="0.000000"/>
</kw>
<var name="${app}">{'package': 'netflix.mediaclient', 'lifespan': 30.471999999999753}</var>
<status status="PASS" start="2024-02-28T11:51:59.844116" elapsed="0.000000"/>
</iter>
<iter>
<kw name="Log" owner="BuiltIn">
<msg time="2024-02-28T11:51:59.845240" level="INFO">Warning: sec.android.app.clockpackage was opened for more than 30 seconds. Lifespan: 43.297999999999774 seconds.</msg>
<arg>Warning: ${app['package']} was opened for more than 30 seconds. Lifespan: ${app['lifespan']} seconds.</arg>
<doc>Logs the given message with the given level.</doc>
<status status="PASS" start="2024-02-28T11:51:59.845240" elapsed="0.000000"/>
</kw>
<var name="${app}">{'package': 'sec.android.app.clockpackage', 'lifespan': 43.297999999999774}</var>
<status status="PASS" start="2024-02-28T11:51:59.845240" elapsed="0.000000"/>
</iter>
<var>${app}</var>
<value>@{apps_above_threshold}</value>
<status status="PASS" start="2024-02-28T11:51:59.842997" elapsed="0.002243"/>
</for>
<kw name="Run Keyword If" owner="BuiltIn">
<kw name="Fail" owner="BuiltIn">
<msg time="2024-02-28T11:51:59.846828" level="FAIL">Test FAILED: Percentage of apps below threshold is less than 75%</msg>
<arg>Test FAILED: Percentage of apps below threshold is less than 75%</arg>
<doc>Fails the test with the given message and optionally alters its tags.</doc>
<status status="FAIL" start="2024-02-28T11:51:59.846374" elapsed="0.000454">Test FAILED: Percentage of apps below threshold is less than 75%</status>
</kw>
<arg>${percentage_below_threshold} &lt; 75</arg>
<arg>Fail</arg>
<arg>Test FAILED: Percentage of apps below threshold is less than 75%</arg>
<arg>ELSE</arg>
<arg>Log</arg>
<arg>Test PASSED</arg>
<doc>Runs the given keyword with the given arguments, if ``condition`` is true.</doc>
<status status="FAIL" start="2024-02-28T11:51:59.845240" elapsed="0.001588">Test FAILED: Percentage of apps below threshold is less than 75%</status>
</kw>
<status status="FAIL" start="2024-02-28T11:51:59.841869" elapsed="0.004959">Test FAILED: Percentage of apps below threshold is less than 75%</status>
</branch>
<status status="FAIL" start="2024-02-28T11:51:59.841869" elapsed="0.004959">Test FAILED: Percentage of apps below threshold is less than 75%</status>
</if>
<arg>${lifespans}</arg>
<status status="FAIL" start="2024-02-28T11:51:59.840743" elapsed="0.006085">Test FAILED: Percentage of apps below threshold is less than 75%</status>
</kw>
<status status="FAIL" start="2024-02-28T11:51:59.631589" elapsed="0.215239">Test FAILED: Percentage of apps below threshold is less than 75%</status>
</test>
<status status="FAIL" start="2024-02-28T11:51:59.586849" elapsed="0.261121"/>
</suite>
<statistics>
<total>
<stat pass="0" fail="1" skip="0">All Tests</stat>
</total>
<tag>
</tag>
<suite>
<stat pass="0" fail="1" skip="0" id="s1" name="Logcat">Logcat</stat>
</suite>
</statistics>
<errors>
</errors>
</robot>
